[2022-04-06T01:15:53.407Z] Validating found git in: git
[2022-04-06T01:15:53.419Z] Using git 2.35.1 from git
[2022-04-06T01:15:53.469Z] > git rev-parse --git-dir [18ms]
[2022-04-06T01:15:53.471Z] Open repository: /home/mxviii/github/1password
[2022-04-06T01:15:53.490Z] > git symbolic-ref --short HEAD [5ms]
[2022-04-06T01:15:53.493Z] > git rev-parse --git-dir [3ms]
[2022-04-06T01:15:53.495Z] Open repository: /home/mxviii/github/ArchI0
[2022-04-06T01:15:53.505Z] > git for-each-ref --format=%(refname)%00%(upstream:short)%00%(objectname)%00%(upstream:track) refs/heads/master refs/remotes/master [12ms]
[2022-04-06T01:15:53.530Z] > git remote --verbose [18ms]
[2022-04-06T01:15:53.531Z] > git for-each-ref --sort -committerdate --format %(refname) %(objectname) %(*objectname) [23ms]
[2022-04-06T01:15:53.533Z] > git symbolic-ref --short HEAD [28ms]
[2022-04-06T01:15:53.545Z] > git for-each-ref --format=%(refname)%00%(upstream:short)%00%(objectname)%00%(upstream:track) refs/heads/master refs/remotes/master [8ms]
[2022-04-06T01:15:53.556Z] > git for-each-ref --sort -committerdate --format %(refname) %(objectname) %(*objectname) [7ms]
[2022-04-06T01:15:53.556Z] > git config --get commit.template [12ms]
[2022-04-06T01:15:53.557Z] > git rev-parse --git-dir [17ms]
[2022-04-06T01:15:53.559Z] Open repository: /home/mxviii/github/ArchMatic-improved
[2022-04-06T01:15:53.574Z] > git remote --verbose [19ms]
[2022-04-06T01:15:53.584Z] > git symbolic-ref --short HEAD [10ms]
[2022-04-06T01:15:53.593Z] > git for-each-ref --format=%(refname)%00%(upstream:short)%00%(objectname)%00%(upstream:track) refs/heads/master refs/remotes/master [5ms]
[2022-04-06T01:15:53.601Z] > git config --get commit.template [18ms]
[2022-04-06T01:15:53.611Z] > git remote --verbose [11ms]
[2022-04-06T01:15:53.611Z] > git for-each-ref --sort -committerdate --format %(refname) %(objectname) %(*objectname) [14ms]
[2022-04-06T01:15:53.613Z] > git rev-parse --git-dir [22ms]
[2022-04-06T01:15:53.614Z] Open repository: /home/mxviii/github/ArchTitus
[2022-04-06T01:15:53.633Z] > git config --get commit.template [5ms]
[2022-04-06T01:15:53.634Z] > git rev-parse --git-dir [2ms]
[2022-04-06T01:15:53.635Z] Open repository: /home/mxviii/github/LARBS
[2022-04-06T01:15:53.661Z] > git symbolic-ref --short HEAD [4ms]
[2022-04-06T01:15:53.666Z] > git symbolic-ref --short HEAD [13ms]
[2022-04-06T01:15:53.675Z] > git for-each-ref --format=%(refname)%00%(upstream:short)%00%(objectname)%00%(upstream:track) refs/heads/main refs/remotes/main [4ms]
[2022-04-06T01:15:53.682Z] > git for-each-ref --format=%(refname)%00%(upstream:short)%00%(objectname)%00%(upstream:track) refs/heads/master refs/remotes/master [16ms]
[2022-04-06T01:15:53.688Z] > git for-each-ref --sort -committerdate --format %(refname) %(objectname) %(*objectname) [4ms]
[2022-04-06T01:15:53.689Z] > git remote --verbose [7ms]
[2022-04-06T01:15:53.689Z] > git for-each-ref --sort -committerdate --format %(refname) %(objectname) %(*objectname) [11ms]
[2022-04-06T01:15:53.694Z] > git rev-parse --git-dir [19ms]
[2022-04-06T01:15:53.696Z] Open repository: /home/mxviii/github/aa-builder
[2022-04-06T01:15:53.712Z] > git remote --verbose [25ms]
[2022-04-06T01:15:53.752Z] > git symbolic-ref --short HEAD [40ms]
[2022-04-06T01:15:53.755Z] > git config --get commit.template [47ms]
[2022-04-06T01:15:53.763Z] > git rev-parse --git-dir [3ms]
[2022-04-06T01:15:53.764Z] Open repository: /home/mxviii/github/alis
[2022-04-06T01:15:53.771Z] > git for-each-ref --format=%(refname)%00%(upstream:short)%00%(objectname)%00%(upstream:track) refs/heads/main refs/remotes/main [16ms]
[2022-04-06T01:15:53.781Z] > git config --get commit.template [35ms]
[2022-04-06T01:15:53.787Z] > git remote --verbose [7ms]
[2022-04-06T01:15:53.787Z] > git for-each-ref --sort -committerdate --format %(refname) %(objectname) %(*objectname) [12ms]
[2022-04-06T01:15:53.797Z] > git symbolic-ref --short HEAD [10ms]
[2022-04-06T01:15:53.807Z] > git for-each-ref --format=%(refname)%00%(upstream:short)%00%(objectname)%00%(upstream:track) refs/heads/master refs/remotes/master [4ms]
[2022-04-06T01:15:53.815Z] > git config --get commit.template [19ms]
[2022-04-06T01:15:53.816Z] > git rev-parse --git-dir [24ms]
[2022-04-06T01:15:53.818Z] Open repository: /home/mxviii/github/alis-arco
[2022-04-06T01:15:53.830Z] > git remote --verbose [16ms]
[2022-04-06T01:15:53.831Z] > git for-each-ref --sort -committerdate --format %(refname) %(objectname) %(*objectname) [21ms]
[2022-04-06T01:15:53.840Z] > git symbolic-ref --short HEAD [10ms]
[2022-04-06T01:15:53.850Z] > git for-each-ref --format=%(refname)%00%(upstream:short)%00%(objectname)%00%(upstream:track) refs/heads/main refs/remotes/main [6ms]
[2022-04-06T01:15:53.859Z] > git config --get commit.template [22ms]
[2022-04-06T01:15:53.861Z] > git remote --verbose [2ms]
[2022-04-06T01:15:53.861Z] > git for-each-ref --sort -committerdate --format %(refname) %(objectname) %(*objectname) [6ms]
[2022-04-06T01:15:53.862Z] > git rev-parse --git-dir [14ms]
[2022-04-06T01:15:53.864Z] Open repository: /home/mxviii/github/archer
[2022-04-06T01:15:53.891Z] > git symbolic-ref --short HEAD [9ms]
[2022-04-06T01:15:53.895Z] > git config --get commit.template [17ms]
[2022-04-06T01:15:53.896Z] > git for-each-ref --format=%(refname)%00%(upstream:short)%00%(objectname)%00%(upstream:track) refs/heads/master refs/remotes/master [2ms]
[2022-04-06T01:15:53.910Z] > git remote --verbose [5ms]
[2022-04-06T01:15:53.910Z] > git for-each-ref --sort -committerdate --format %(refname) %(objectname) %(*objectname) [9ms]
[2022-04-06T01:15:53.915Z] > git rev-parse --git-dir [6ms]
[2022-04-06T01:15:53.916Z] Open repository: /home/mxviii/github/arco-plasma
[2022-04-06T01:15:53.931Z] > git config --get commit.template [17ms]
[2022-04-06T01:15:53.933Z] > git rev-parse --git-dir [3ms]
[2022-04-06T01:15:53.934Z] Open repository: /home/mxviii/github/arcolinux-nemesis
[2022-04-06T01:15:53.941Z] > git symbolic-ref --short HEAD [14ms]
[2022-04-06T01:15:53.952Z] > git for-each-ref --format=%(refname)%00%(upstream:short)%00%(objectname)%00%(upstream:track) refs/heads/master refs/remotes/master [8ms]
[2022-04-06T01:15:53.962Z] > git for-each-ref --sort -committerdate --format %(refname) %(objectname) %(*objectname) [5ms]
[2022-04-06T01:15:53.971Z] > git remote --verbose [10ms]
[2022-04-06T01:15:53.978Z] > git config --get commit.template [1ms]
[2022-04-06T01:15:53.996Z] > git symbolic-ref --short HEAD [1ms]
[2022-04-06T01:15:54.000Z] > git for-each-ref --format=%(refname)%00%(upstream:short)%00%(objectname)%00%(upstream:track) refs/heads/master refs/remotes/master [1ms]
[2022-04-06T01:15:54.006Z] > git for-each-ref --sort -committerdate --format %(refname) %(objectname) %(*objectname) [3ms]
[2022-04-06T01:15:54.006Z] > git remote --verbose [1ms]
[2022-04-06T01:15:54.011Z] > git config --get commit.template [1ms]
[2022-04-06T02:04:45.164Z] > git ls-files --stage -- /home/mxviii/github/alis/alis.sh [3ms]
[2022-04-06T02:04:45.171Z] > git cat-file -s 49df26f98e6a33f7d23b734f92594744a70ebb16 [2ms]
