[2022-04-07T01:00:40.865Z] Validating found git in: git
[2022-04-07T01:00:40.890Z] Using git 2.35.1 from git
[2022-04-07T01:00:40.945Z] > git rev-parse --git-dir [21ms]
[2022-04-07T01:00:40.950Z] Open repository: /home/mxviii/github/1password
[2022-04-07T01:00:40.980Z] > git symbolic-ref --short HEAD [7ms]
[2022-04-07T01:00:40.986Z] > git rev-parse --git-dir [7ms]
[2022-04-07T01:00:40.988Z] Open repository: /home/mxviii/github/ArchI0
[2022-04-07T01:00:41.016Z] > git for-each-ref --format=%(refname)%00%(upstream:short)%00%(objectname)%00%(upstream:track) refs/heads/master refs/remotes/master [31ms]
[2022-04-07T01:00:41.027Z] > git remote --verbose [2ms]
[2022-04-07T01:00:41.028Z] > git for-each-ref --sort -committerdate --format %(refname) %(objectname) %(*objectname) [7ms]
[2022-04-07T01:00:41.030Z] > git symbolic-ref --short HEAD [14ms]
[2022-04-07T01:00:41.046Z] > git for-each-ref --format=%(refname)%00%(upstream:short)%00%(objectname)%00%(upstream:track) refs/heads/master refs/remotes/master [12ms]
[2022-04-07T01:00:41.060Z] > git remote --verbose [3ms]
[2022-04-07T01:00:41.060Z] > git for-each-ref --sort -committerdate --format %(refname) %(objectname) %(*objectname) [7ms]
[2022-04-07T01:00:41.063Z] > git config --get commit.template [18ms]
[2022-04-07T01:00:41.064Z] > git rev-parse --git-dir [24ms]
[2022-04-07T01:00:41.066Z] Open repository: /home/mxviii/github/ArchMatic-improved
[2022-04-07T01:00:41.097Z] > git symbolic-ref --short HEAD [5ms]
[2022-04-07T01:00:41.102Z] > git config --get commit.template [16ms]
[2022-04-07T01:00:41.109Z] > git for-each-ref --format=%(refname)%00%(upstream:short)%00%(objectname)%00%(upstream:track) refs/heads/master refs/remotes/master [8ms]
[2022-04-07T01:00:41.119Z] > git for-each-ref --sort -committerdate --format %(refname) %(objectname) %(*objectname) [6ms]
[2022-04-07T01:00:41.120Z] > git rev-parse --git-dir [12ms]
[2022-04-07T01:00:41.123Z] Open repository: /home/mxviii/github/ArchTitus
[2022-04-07T01:00:41.135Z] > git remote --verbose [17ms]
[2022-04-07T01:00:41.146Z] > git config --get commit.template [5ms]
[2022-04-07T01:00:41.148Z] > git rev-parse --git-dir [2ms]
[2022-04-07T01:00:41.150Z] Open repository: /home/mxviii/github/LARBS
[2022-04-07T01:00:41.181Z] > git symbolic-ref --short HEAD [13ms]
[2022-04-07T01:00:41.191Z] > git for-each-ref --format=%(refname)%00%(upstream:short)%00%(objectname)%00%(upstream:track) refs/heads/main refs/remotes/main [5ms]
[2022-04-07T01:00:41.204Z] > git symbolic-ref --short HEAD [23ms]
[2022-04-07T01:00:41.210Z] > git remote --verbose [6ms]
[2022-04-07T01:00:41.210Z] > git for-each-ref --sort -committerdate --format %(refname) %(objectname) %(*objectname) [13ms]
[2022-04-07T01:00:41.216Z] > git rev-parse --git-dir [26ms]
[2022-04-07T01:00:41.220Z] Open repository: /home/mxviii/github/aa-builder
[2022-04-07T01:00:41.305Z] > git for-each-ref --format=%(refname)%00%(upstream:short)%00%(objectname)%00%(upstream:track) refs/heads/master refs/remotes/master [96ms]
[2022-04-07T01:00:41.325Z] > git remote --verbose [11ms]
[2022-04-07T01:00:41.326Z] > git for-each-ref --sort -committerdate --format %(refname) %(objectname) %(*objectname) [15ms]
[2022-04-07T01:00:41.327Z] > git rev-parse --git-dir [22ms]
[2022-04-07T01:00:41.328Z] Open repository: /home/mxviii/github/alis
[2022-04-07T01:00:41.339Z] > git symbolic-ref --short HEAD [39ms]
[2022-04-07T01:00:41.345Z] > git config --get commit.template [65ms]
[2022-04-07T01:00:41.364Z] > git for-each-ref --format=%(refname)%00%(upstream:short)%00%(objectname)%00%(upstream:track) refs/heads/main refs/remotes/main [19ms]
[2022-04-07T01:00:41.388Z] > git remote --verbose [15ms]
[2022-04-07T01:00:41.389Z] > git for-each-ref --sort -committerdate --format %(refname) %(objectname) %(*objectname) [21ms]
[2022-04-07T01:00:41.393Z] > git symbolic-ref --short HEAD [30ms]
[2022-04-07T01:00:41.400Z] > git config --get commit.template [45ms]
[2022-04-07T01:00:41.411Z] > git for-each-ref --format=%(refname)%00%(upstream:short)%00%(objectname)%00%(upstream:track) refs/heads/master refs/remotes/master [12ms]
[2022-04-07T01:00:41.419Z] > git rev-parse --git-dir [37ms]
[2022-04-07T01:00:41.422Z] Open repository: /home/mxviii/github/alis-arco
[2022-04-07T01:00:41.444Z] > git remote --verbose [25ms]
[2022-04-07T01:00:41.445Z] > git for-each-ref --sort -committerdate --format %(refname) %(objectname) %(*objectname) [30ms]
[2022-04-07T01:00:41.446Z] > git config --get commit.template [39ms]
[2022-04-07T01:00:41.453Z] > git rev-parse --git-dir [9ms]
[2022-04-07T01:00:41.456Z] Open repository: /home/mxviii/github/archer
[2022-04-07T01:00:41.466Z] > git symbolic-ref --short HEAD [26ms]
[2022-04-07T01:00:41.486Z] > git config --get commit.template [35ms]
[2022-04-07T01:00:41.493Z] > git symbolic-ref --short HEAD [15ms]
[2022-04-07T01:00:41.501Z] > git for-each-ref --format=%(refname)%00%(upstream:short)%00%(objectname)%00%(upstream:track) refs/heads/main refs/remotes/main [31ms]
[2022-04-07T01:00:41.518Z] > git remote --verbose [6ms]
[2022-04-07T01:00:41.518Z] > git for-each-ref --sort -committerdate --format %(refname) %(objectname) %(*objectname) [11ms]
[2022-04-07T01:00:41.519Z] > git for-each-ref --format=%(refname)%00%(upstream:short)%00%(objectname)%00%(upstream:track) refs/heads/master refs/remotes/master [18ms]
[2022-04-07T01:00:41.530Z] > git rev-parse --git-dir [37ms]
[2022-04-07T01:00:41.533Z] Open repository: /home/mxviii/github/arco-plasma
[2022-04-07T01:00:41.561Z] > git remote --verbose [32ms]
[2022-04-07T01:00:41.562Z] > git for-each-ref --sort -committerdate --format %(refname) %(objectname) %(*objectname) [37ms]
[2022-04-07T01:00:41.573Z] > git rev-parse --git-dir [12ms]
[2022-04-07T01:00:41.575Z] Open repository: /home/mxviii/github/arcolinux-nemesis
[2022-04-07T01:00:41.584Z] > git symbolic-ref --short HEAD [28ms]
[2022-04-07T01:00:41.590Z] > git config --get commit.template [40ms]
[2022-04-07T01:00:41.592Z] > git config --get commit.template [20ms]
[2022-04-07T01:00:41.594Z] > git for-each-ref --format=%(refname)%00%(upstream:short)%00%(objectname)%00%(upstream:track) refs/heads/master refs/remotes/master [4ms]
[2022-04-07T01:00:41.604Z] > git for-each-ref --sort -committerdate --format %(refname) %(objectname) %(*objectname) [5ms]
[2022-04-07T01:00:41.604Z] > git remote --verbose [1ms]
[2022-04-07T01:00:41.610Z] > git config --get commit.template [1ms]
[2022-04-07T01:00:41.640Z] > git symbolic-ref --short HEAD [1ms]
[2022-04-07T01:00:41.646Z] > git for-each-ref --format=%(refname)%00%(upstream:short)%00%(objectname)%00%(upstream:track) refs/heads/master refs/remotes/master [2ms]
[2022-04-07T01:00:41.655Z] > git for-each-ref --sort -committerdate --format %(refname) %(objectname) %(*objectname) [5ms]
[2022-04-07T01:00:41.655Z] > git remote --verbose [1ms]
[2022-04-07T01:00:41.660Z] > git config --get commit.template [1ms]
[2022-04-07T01:01:05.453Z] > git ls-files --stage -- /home/mxviii/github/aa-builder/build-archlinux-with-alis.sh [2ms]
[2022-04-07T01:01:05.457Z] > git cat-file -s 7024d886e534285f1446046258ee491010269a09 [1ms]
[2022-04-07T01:24:18.053Z] > git ls-files --stage -- /home/mxviii/github/aa-builder/build-archlinux-with-alis.sh [1ms]
[2022-04-07T01:24:18.057Z] > git cat-file -s 7024d886e534285f1446046258ee491010269a09 [1ms]
[2022-04-07T01:32:52.796Z] > git ls-files --stage -- /home/mxviii/github/alis/alis.sh [2ms]
[2022-04-07T01:32:52.800Z] > git cat-file -s 49df26f98e6a33f7d23b734f92594744a70ebb16 [1ms]
[2022-04-07T01:35:09.338Z] > git ls-files --stage -- /home/mxviii/github/alis/alis.sh [0ms]
[2022-04-07T01:35:09.342Z] > git cat-file -s 49df26f98e6a33f7d23b734f92594744a70ebb16 [1ms]
