[2022-04-08T09:35:57.201Z] Validating found git in: git
[2022-04-08T09:35:57.225Z] Using git 2.35.1 from git
[2022-04-08T09:35:57.304Z] > git rev-parse --git-dir [40ms]
[2022-04-08T09:35:57.310Z] Open repository: /home/mxviii/github/1password
[2022-04-08T09:35:57.344Z] > git symbolic-ref --short HEAD [4ms]
[2022-04-08T09:35:57.354Z] > git for-each-ref --format=%(refname)%00%(upstream:short)%00%(objectname)%00%(upstream:track) refs/heads/master refs/remotes/master [6ms]
[2022-04-08T09:35:57.364Z] > git remote --verbose [2ms]
[2022-04-08T09:35:57.364Z] > git for-each-ref --sort -committerdate --format %(refname) %(objectname) %(*objectname) [5ms]
[2022-04-08T09:35:57.367Z] > git rev-parse --git-dir [16ms]
[2022-04-08T09:35:57.368Z] Open repository: /home/mxviii/github/ArchI0
[2022-04-08T09:35:57.388Z] > git config --get commit.template [6ms]
[2022-04-08T09:35:57.394Z] > git symbolic-ref --short HEAD [8ms]
[2022-04-08T09:35:57.399Z] > git rev-parse --git-dir [6ms]
[2022-04-08T09:35:57.401Z] Open repository: /home/mxviii/github/ArchMatic-improved
[2022-04-08T09:35:57.417Z] > git for-each-ref --format=%(refname)%00%(upstream:short)%00%(objectname)%00%(upstream:track) refs/heads/master refs/remotes/master [19ms]
[2022-04-08T09:35:57.426Z] > git for-each-ref --sort -committerdate --format %(refname) %(objectname) %(*objectname) [5ms]
[2022-04-08T09:35:57.426Z] > git rev-parse --git-dir [9ms]
[2022-04-08T09:35:57.428Z] Open repository: /home/mxviii/github/ArchTitus
[2022-04-08T09:35:57.436Z] > git symbolic-ref --short HEAD [22ms]
[2022-04-08T09:35:57.446Z] > git remote --verbose [22ms]
[2022-04-08T09:35:57.460Z] > git rev-parse --git-dir [14ms]
[2022-04-08T09:35:57.461Z] Open repository: /home/mxviii/github/LARBS
[2022-04-08T09:35:57.470Z] > git for-each-ref --format=%(refname)%00%(upstream:short)%00%(objectname)%00%(upstream:track) refs/heads/master refs/remotes/master [29ms]
[2022-04-08T09:35:57.488Z] > git remote --verbose [11ms]
[2022-04-08T09:35:57.488Z] > git for-each-ref --sort -committerdate --format %(refname) %(objectname) %(*objectname) [14ms]
[2022-04-08T09:35:57.494Z] > git symbolic-ref --short HEAD [35ms]
[2022-04-08T09:35:57.497Z] > git config --get commit.template [41ms]
[2022-04-08T09:35:57.507Z] > git for-each-ref --format=%(refname)%00%(upstream:short)%00%(objectname)%00%(upstream:track) refs/heads/main refs/remotes/main [10ms]
[2022-04-08T09:35:57.515Z] > git rev-parse --git-dir [22ms]
[2022-04-08T09:35:57.518Z] Open repository: /home/mxviii/github/aa-builder
[2022-04-08T09:35:57.527Z] > git symbolic-ref --short HEAD [40ms]
[2022-04-08T09:35:57.537Z] > git for-each-ref --format=%(refname)%00%(upstream:short)%00%(objectname)%00%(upstream:track) refs/heads/master refs/remotes/master [7ms]
[2022-04-08T09:35:57.548Z] > git remote --verbose [33ms]
[2022-04-08T09:35:57.549Z] > git for-each-ref --sort -committerdate --format %(refname) %(objectname) %(*objectname) [38ms]
[2022-04-08T09:35:57.552Z] > git config --get commit.template [49ms]
[2022-04-08T09:35:57.559Z] > git rev-parse --git-dir [11ms]
[2022-04-08T09:35:57.561Z] Open repository: /home/mxviii/github/alis
[2022-04-08T09:35:57.569Z] > git remote --verbose [25ms]
[2022-04-08T09:35:57.570Z] > git for-each-ref --sort -committerdate --format %(refname) %(objectname) %(*objectname) [29ms]
[2022-04-08T09:35:57.572Z] > git symbolic-ref --short HEAD [35ms]
[2022-04-08T09:35:57.587Z] > git for-each-ref --format=%(refname)%00%(upstream:short)%00%(objectname)%00%(upstream:track) refs/heads/main refs/remotes/main [12ms]
[2022-04-08T09:35:57.597Z] > git config --get commit.template [39ms]
[2022-04-08T09:35:57.600Z] > git rev-parse --git-dir [3ms]
[2022-04-08T09:35:57.602Z] Open repository: /home/mxviii/github/alis-arco
[2022-04-08T09:35:57.610Z] > git remote --verbose [16ms]
[2022-04-08T09:35:57.611Z] > git for-each-ref --sort -committerdate --format %(refname) %(objectname) %(*objectname) [20ms]
[2022-04-08T09:35:57.613Z] > git symbolic-ref --short HEAD [27ms]
[2022-04-08T09:35:57.616Z] > git config --get commit.template [34ms]
[2022-04-08T09:35:57.631Z] > git for-each-ref --format=%(refname)%00%(upstream:short)%00%(objectname)%00%(upstream:track) refs/heads/master refs/remotes/master [15ms]
[2022-04-08T09:35:57.645Z] > git remote --verbose [8ms]
[2022-04-08T09:35:57.645Z] > git for-each-ref --sort -committerdate --format %(refname) %(objectname) %(*objectname) [11ms]
[2022-04-08T09:35:57.647Z] > git symbolic-ref --short HEAD [17ms]
[2022-04-08T09:35:57.650Z] > git config --get commit.template [25ms]
[2022-04-08T09:35:57.695Z] > git for-each-ref --format=%(refname)%00%(upstream:short)%00%(objectname)%00%(upstream:track) refs/heads/main refs/remotes/main [45ms]
[2022-04-08T09:35:57.701Z] > git rev-parse --git-dir [59ms]
[2022-04-08T09:35:57.704Z] Open repository: /home/mxviii/github/archer
[2022-04-08T09:35:57.721Z] > git remote --verbose [20ms]
[2022-04-08T09:35:57.722Z] > git for-each-ref --sort -committerdate --format %(refname) %(objectname) %(*objectname) [24ms]
[2022-04-08T09:35:57.724Z] > git config --get commit.template [30ms]
[2022-04-08T09:35:57.731Z] > git symbolic-ref --short HEAD [14ms]
[2022-04-08T09:35:57.738Z] > git rev-parse --git-dir [7ms]
[2022-04-08T09:35:57.740Z] Open repository: /home/mxviii/github/arco-plasma
[2022-04-08T09:35:57.747Z] > git config --get commit.template [20ms]
[2022-04-08T09:35:57.757Z] > git for-each-ref --format=%(refname)%00%(upstream:short)%00%(objectname)%00%(upstream:track) refs/heads/master refs/remotes/master [22ms]
[2022-04-08T09:35:57.767Z] > git for-each-ref --sort -committerdate --format %(refname) %(objectname) %(*objectname) [7ms]
[2022-04-08T09:35:57.767Z] > git rev-parse --git-dir [10ms]
[2022-04-08T09:35:57.768Z] Open repository: /home/mxviii/github/arcolinux-nemesis
[2022-04-08T09:35:57.776Z] > git symbolic-ref --short HEAD [24ms]
[2022-04-08T09:35:57.785Z] > git remote --verbose [22ms]
[2022-04-08T09:35:57.798Z] > git for-each-ref --format=%(refname)%00%(upstream:short)%00%(objectname)%00%(upstream:track) refs/heads/master refs/remotes/master [18ms]
[2022-04-08T09:35:57.809Z] > git remote --verbose [5ms]
[2022-04-08T09:35:57.809Z] > git for-each-ref --sort -committerdate --format %(refname) %(objectname) %(*objectname) [8ms]
[2022-04-08T09:35:57.816Z] > git config --get commit.template [24ms]
[2022-04-08T09:35:57.827Z] > git symbolic-ref --short HEAD [2ms]
[2022-04-08T09:35:57.830Z] > git config --get commit.template [10ms]
[2022-04-08T09:35:57.831Z] > git for-each-ref --format=%(refname)%00%(upstream:short)%00%(objectname)%00%(upstream:track) refs/heads/master refs/remotes/master [1ms]
[2022-04-08T09:35:57.838Z] > git for-each-ref --sort -committerdate --format %(refname) %(objectname) %(*objectname) [4ms]
[2022-04-08T09:35:57.842Z] > git remote --verbose [4ms]
[2022-04-08T09:35:57.847Z] > git config --get commit.template [1ms]
[2022-04-08T09:55:03.663Z] > git ls-files --stage -- /home/mxviii/github/archer/pkg/dev.txt [3ms]
[2022-04-08T09:55:03.673Z] > git cat-file -s f19731862b729aa7bcde600fd6344980b5ca6d16 [2ms]
[2022-04-08T09:55:09.730Z] > git ls-files --stage -- /home/mxviii/github/archer/pkg/gaming.txt [2ms]
[2022-04-08T09:55:09.738Z] > git cat-file -s 080d203ba71478efd3069356e3cd21959c68fcb8 [1ms]
