[2022-04-06T08:53:55.979Z] Validating found git in: git
[2022-04-06T08:53:56.006Z] Using git 2.35.1 from git
[2022-04-06T08:53:56.061Z] > git rev-parse --git-dir [2ms]
[2022-04-06T08:53:56.066Z] Open repository: /home/mxviii/github/1password
[2022-04-06T08:53:56.108Z] > git rev-parse --git-dir [2ms]
[2022-04-06T08:53:56.112Z] Open repository: /home/mxviii/github/ArchI0
[2022-04-06T08:53:56.126Z] > git symbolic-ref --short HEAD [32ms]
[2022-04-06T08:53:56.145Z] > git symbolic-ref --short HEAD [9ms]
[2022-04-06T08:53:56.151Z] > git for-each-ref --format=%(refname)%00%(upstream:short)%00%(objectname)%00%(upstream:track) refs/heads/master refs/remotes/master [19ms]
[2022-04-06T08:53:56.167Z] > git remote --verbose [2ms]
[2022-04-06T08:53:56.167Z] > git for-each-ref --sort -committerdate --format %(refname) %(objectname) %(*objectname) [11ms]
[2022-04-06T08:53:56.169Z] > git for-each-ref --format=%(refname)%00%(upstream:short)%00%(objectname)%00%(upstream:track) refs/heads/master refs/remotes/master [18ms]
[2022-04-06T08:53:56.179Z] > git rev-parse --git-dir [36ms]
[2022-04-06T08:53:56.181Z] Open repository: /home/mxviii/github/ArchMatic-improved
[2022-04-06T08:53:56.200Z] > git remote --verbose [22ms]
[2022-04-06T08:53:56.201Z] > git for-each-ref --sort -committerdate --format %(refname) %(objectname) %(*objectname) [28ms]
[2022-04-06T08:53:56.209Z] > git symbolic-ref --short HEAD [9ms]
[2022-04-06T08:53:56.213Z] > git config --get commit.template [18ms]
[2022-04-06T08:53:56.225Z] > git rev-parse --git-dir [6ms]
[2022-04-06T08:53:56.228Z] Open repository: /home/mxviii/github/ArchTitus
[2022-04-06T08:53:56.237Z] > git for-each-ref --format=%(refname)%00%(upstream:short)%00%(objectname)%00%(upstream:track) refs/heads/master refs/remotes/master [24ms]
[2022-04-06T08:53:56.247Z] > git config --get commit.template [39ms]
[2022-04-06T08:53:56.249Z] > git remote --verbose [3ms]
[2022-04-06T08:53:56.249Z] > git for-each-ref --sort -committerdate --format %(refname) %(objectname) %(*objectname) [8ms]
[2022-04-06T08:53:56.265Z] > git config --get commit.template [6ms]
[2022-04-06T08:53:56.266Z] > git rev-parse --git-dir [11ms]
[2022-04-06T08:53:56.267Z] Open repository: /home/mxviii/github/LARBS
[2022-04-06T08:53:56.277Z] > git symbolic-ref --short HEAD [13ms]
[2022-04-06T08:53:56.288Z] > git for-each-ref --format=%(refname)%00%(upstream:short)%00%(objectname)%00%(upstream:track) refs/heads/main refs/remotes/main [7ms]
[2022-04-06T08:53:56.301Z] > git remote --verbose [5ms]
[2022-04-06T08:53:56.301Z] > git for-each-ref --sort -committerdate --format %(refname) %(objectname) %(*objectname) [9ms]
[2022-04-06T08:53:56.305Z] > git symbolic-ref --short HEAD [18ms]
[2022-04-06T08:53:56.316Z] > git rev-parse --git-dir [16ms]
[2022-04-06T08:53:56.317Z] Open repository: /home/mxviii/github/aa-builder
[2022-04-06T08:53:56.386Z] > git config --get commit.template [71ms]
[2022-04-06T08:53:56.387Z] > git for-each-ref --format=%(refname)%00%(upstream:short)%00%(objectname)%00%(upstream:track) refs/heads/master refs/remotes/master [78ms]
[2022-04-06T08:53:56.396Z] > git remote --verbose [2ms]
[2022-04-06T08:53:56.396Z] > git for-each-ref --sort -committerdate --format %(refname) %(objectname) %(*objectname) [5ms]
[2022-04-06T08:53:56.398Z] > git rev-parse --git-dir [12ms]
[2022-04-06T08:53:56.399Z] Open repository: /home/mxviii/github/alis
[2022-04-06T08:53:56.407Z] > git symbolic-ref --short HEAD [25ms]
[2022-04-06T08:53:56.423Z] > git rev-parse --git-dir [2ms]
[2022-04-06T08:53:56.425Z] Open repository: /home/mxviii/github/alis-arco
[2022-04-06T08:53:56.434Z] > git symbolic-ref --short HEAD [17ms]
[2022-04-06T08:53:56.439Z] > git config --get commit.template [24ms]
[2022-04-06T08:53:56.440Z] > git for-each-ref --format=%(refname)%00%(upstream:short)%00%(objectname)%00%(upstream:track) refs/heads/main refs/remotes/main [30ms]
[2022-04-06T08:53:56.453Z] > git remote --verbose [6ms]
[2022-04-06T08:53:56.453Z] > git for-each-ref --sort -committerdate --format %(refname) %(objectname) %(*objectname) [10ms]
[2022-04-06T08:53:56.456Z] > git for-each-ref --format=%(refname)%00%(upstream:short)%00%(objectname)%00%(upstream:track) refs/heads/master refs/remotes/master [18ms]
[2022-04-06T08:53:56.500Z] > git remote --verbose [35ms]
[2022-04-06T08:53:56.500Z] > git for-each-ref --sort -committerdate --format %(refname) %(objectname) %(*objectname) [39ms]
[2022-04-06T08:53:56.501Z] > git symbolic-ref --short HEAD [49ms]
[2022-04-06T08:53:56.519Z] > git for-each-ref --format=%(refname)%00%(upstream:short)%00%(objectname)%00%(upstream:track) refs/heads/main refs/remotes/main [13ms]
[2022-04-06T08:53:56.529Z] > git config --get commit.template [55ms]
[2022-04-06T08:53:56.530Z] > git rev-parse --git-dir [61ms]
[2022-04-06T08:53:56.533Z] Open repository: /home/mxviii/github/archer
[2022-04-06T08:53:56.553Z] > git remote --verbose [25ms]
[2022-04-06T08:53:56.554Z] > git for-each-ref --sort -committerdate --format %(refname) %(objectname) %(*objectname) [31ms]
[2022-04-06T08:53:56.556Z] > git config --get commit.template [41ms]
[2022-04-06T08:53:56.582Z] > git symbolic-ref --short HEAD [35ms]
[2022-04-06T08:53:56.586Z] > git rev-parse --git-dir [5ms]
[2022-04-06T08:53:56.588Z] Open repository: /home/mxviii/github/arco-plasma
[2022-04-06T08:53:56.598Z] > git config --get commit.template [33ms]
[2022-04-06T08:53:56.610Z] > git for-each-ref --format=%(refname)%00%(upstream:short)%00%(objectname)%00%(upstream:track) refs/heads/master refs/remotes/master [25ms]
[2022-04-06T08:53:56.618Z] > git remote --verbose [2ms]
[2022-04-06T08:53:56.619Z] > git for-each-ref --sort -committerdate --format %(refname) %(objectname) %(*objectname) [6ms]
[2022-04-06T08:53:56.620Z] > git rev-parse --git-dir [10ms]
[2022-04-06T08:53:56.622Z] Open repository: /home/mxviii/github/arcolinux-nemesis
[2022-04-06T08:53:56.630Z] > git symbolic-ref --short HEAD [23ms]
[2022-04-06T08:53:56.639Z] > git for-each-ref --format=%(refname)%00%(upstream:short)%00%(objectname)%00%(upstream:track) refs/heads/master refs/remotes/master [6ms]
[2022-04-06T08:53:56.652Z] > git remote --verbose [4ms]
[2022-04-06T08:53:56.652Z] > git for-each-ref --sort -committerdate --format %(refname) %(objectname) %(*objectname) [9ms]
[2022-04-06T08:53:56.653Z] > git config --get commit.template [14ms]
[2022-04-06T08:53:56.664Z] > git config --get commit.template [7ms]
[2022-04-06T08:53:56.675Z] > git symbolic-ref --short HEAD [1ms]
[2022-04-06T08:53:56.680Z] > git for-each-ref --format=%(refname)%00%(upstream:short)%00%(objectname)%00%(upstream:track) refs/heads/master refs/remotes/master [1ms]
[2022-04-06T08:53:56.687Z] > git for-each-ref --sort -committerdate --format %(refname) %(objectname) %(*objectname) [4ms]
[2022-04-06T08:53:56.689Z] > git remote --verbose [4ms]
[2022-04-06T08:53:56.695Z] > git config --get commit.template [1ms]
[2022-04-06T09:07:50.091Z] > git ls-files --stage -- /home/mxviii/github/alis/alis.sh [1ms]
[2022-04-06T09:07:50.095Z] > git cat-file -s 49df26f98e6a33f7d23b734f92594744a70ebb16 [1ms]
