[2022-04-04T03:27:55.411Z] Validating found git in: git
[2022-04-04T03:27:55.428Z] Using git 2.35.1 from git
[2022-04-04T03:27:55.466Z] > git rev-parse --git-dir [1ms]
[2022-04-04T03:27:55.472Z] Open repository: /home/mxviii/github/1password
[2022-04-04T03:27:55.517Z] > git symbolic-ref --short HEAD [8ms]
[2022-04-04T03:27:55.522Z] > git rev-parse --git-dir [6ms]
[2022-04-04T03:27:55.524Z] Open repository: /home/mxviii/github/ArchI0
[2022-04-04T03:27:55.548Z] > git for-each-ref --format=%(refname)%00%(upstream:short)%00%(objectname)%00%(upstream:track) refs/heads/master refs/remotes/master [26ms]
[2022-04-04T03:27:55.559Z] > git remote --verbose [3ms]
[2022-04-04T03:27:55.559Z] > git for-each-ref --sort -committerdate --format %(refname) %(objectname) %(*objectname) [7ms]
[2022-04-04T03:27:55.561Z] > git symbolic-ref --short HEAD [13ms]
[2022-04-04T03:27:55.574Z] > git rev-parse --git-dir [4ms]
[2022-04-04T03:27:55.577Z] Open repository: /home/mxviii/github/ArchMatic-improved
[2022-04-04T03:27:55.587Z] > git for-each-ref --format=%(refname)%00%(upstream:short)%00%(objectname)%00%(upstream:track) refs/heads/master refs/remotes/master [21ms]
[2022-04-04T03:27:55.601Z] > git for-each-ref --sort -committerdate --format %(refname) %(objectname) %(*objectname) [10ms]
[2022-04-04T03:27:55.605Z] > git config --get commit.template [31ms]
[2022-04-04T03:27:55.608Z] > git rev-parse --git-dir [3ms]
[2022-04-04T03:27:55.610Z] Open repository: /home/mxviii/github/ArchTitus
[2022-04-04T03:27:55.620Z] > git symbolic-ref --short HEAD [19ms]
[2022-04-04T03:27:55.624Z] > git remote --verbose [30ms]
[2022-04-04T03:27:55.640Z] > git for-each-ref --format=%(refname)%00%(upstream:short)%00%(objectname)%00%(upstream:track) refs/heads/master refs/remotes/master [16ms]
[2022-04-04T03:27:55.657Z] > git remote --verbose [8ms]
[2022-04-04T03:27:55.657Z] > git for-each-ref --sort -committerdate --format %(refname) %(objectname) %(*objectname) [14ms]
[2022-04-04T03:27:55.659Z] > git symbolic-ref --short HEAD [19ms]
[2022-04-04T03:27:55.663Z] > git config --get commit.template [27ms]
[2022-04-04T03:27:55.670Z] > git for-each-ref --format=%(refname)%00%(upstream:short)%00%(objectname)%00%(upstream:track) refs/heads/main refs/remotes/main [7ms]
[2022-04-04T03:27:55.676Z] > git rev-parse --git-dir [23ms]
[2022-04-04T03:27:55.679Z] Open repository: /home/mxviii/github/LARBS
[2022-04-04T03:27:55.696Z] > git remote --verbose [20ms]
[2022-04-04T03:27:55.696Z] > git for-each-ref --sort -committerdate --format %(refname) %(objectname) %(*objectname) [23ms]
[2022-04-04T03:27:55.701Z] > git config --get commit.template [32ms]
[2022-04-04T03:27:55.714Z] > git rev-parse --git-dir [18ms]
[2022-04-04T03:27:55.716Z] Open repository: /home/mxviii/github/aa-builder
[2022-04-04T03:27:55.765Z] > git symbolic-ref --short HEAD [51ms]
[2022-04-04T03:27:55.769Z] > git config --get commit.template [63ms]
[2022-04-04T03:27:55.771Z] > git rev-parse --git-dir [6ms]
[2022-04-04T03:27:55.773Z] Open repository: /home/mxviii/github/alis
[2022-04-04T03:27:55.781Z] > git symbolic-ref --short HEAD [20ms]
[2022-04-04T03:27:55.793Z] > git for-each-ref --format=%(refname)%00%(upstream:short)%00%(objectname)%00%(upstream:track) refs/heads/master refs/remotes/master [25ms]
[2022-04-04T03:27:55.803Z] > git for-each-ref --sort -committerdate --format %(refname) %(objectname) %(*objectname) [6ms]
[2022-04-04T03:27:55.803Z] > git rev-parse --git-dir [10ms]
[2022-04-04T03:27:55.805Z] Open repository: /home/mxviii/github/alis-arco
[2022-04-04T03:27:55.814Z] > git symbolic-ref --short HEAD [25ms]
[2022-04-04T03:27:55.817Z] > git for-each-ref --format=%(refname)%00%(upstream:short)%00%(objectname)%00%(upstream:track) refs/heads/main refs/remotes/main [33ms]
[2022-04-04T03:27:55.832Z] > git remote --verbose [7ms]
[2022-04-04T03:27:55.832Z] > git for-each-ref --sort -committerdate --format %(refname) %(objectname) %(*objectname) [11ms]
[2022-04-04T03:27:55.834Z] > git for-each-ref --format=%(refname)%00%(upstream:short)%00%(objectname)%00%(upstream:track) refs/heads/master refs/remotes/master [17ms]
[2022-04-04T03:27:55.845Z] > git remote --verbose [44ms]
[2022-04-04T03:27:55.856Z] > git rev-parse --git-dir [11ms]
[2022-04-04T03:27:55.858Z] Open repository: /home/mxviii/github/archer
[2022-04-04T03:27:55.866Z] > git remote --verbose [25ms]
[2022-04-04T03:27:55.866Z] > git for-each-ref --sort -committerdate --format %(refname) %(objectname) %(*objectname) [28ms]
[2022-04-04T03:27:55.867Z] > git symbolic-ref --short HEAD [36ms]
[2022-04-04T03:27:55.893Z] > git config --get commit.template [38ms]
[2022-04-04T03:27:55.894Z] > git config --get commit.template [43ms]
[2022-04-04T03:27:55.901Z] > git symbolic-ref --short HEAD [13ms]
[2022-04-04T03:27:55.905Z] > git config --get commit.template [28ms]
[2022-04-04T03:27:55.905Z] > git for-each-ref --format=%(refname)%00%(upstream:short)%00%(objectname)%00%(upstream:track) refs/heads/main refs/remotes/main [34ms]
[2022-04-04T03:27:55.914Z] > git remote --verbose [2ms]
[2022-04-04T03:27:55.914Z] > git for-each-ref --sort -committerdate --format %(refname) %(objectname) %(*objectname) [5ms]
[2022-04-04T03:27:55.915Z] > git for-each-ref --format=%(refname)%00%(upstream:short)%00%(objectname)%00%(upstream:track) refs/heads/master refs/remotes/master [10ms]
[2022-04-04T03:27:55.924Z] > git rev-parse --git-dir [23ms]
[2022-04-04T03:27:55.926Z] Open repository: /home/mxviii/github/arco-plasma
[2022-04-04T03:27:55.949Z] > git remote --verbose [25ms]
[2022-04-04T03:27:55.949Z] > git for-each-ref --sort -committerdate --format %(refname) %(objectname) %(*objectname) [29ms]
[2022-04-04T03:27:55.960Z] > git rev-parse --git-dir [12ms]
[2022-04-04T03:27:55.962Z] Open repository: /home/mxviii/github/arcolinux-nemesis
[2022-04-04T03:27:55.970Z] > git symbolic-ref --short HEAD [25ms]
[2022-04-04T03:27:55.974Z] > git config --get commit.template [34ms]
[2022-04-04T03:27:55.977Z] > git for-each-ref --format=%(refname)%00%(upstream:short)%00%(objectname)%00%(upstream:track) refs/heads/master refs/remotes/master [3ms]
[2022-04-04T03:27:55.990Z] > git config --get commit.template [31ms]
[2022-04-04T03:27:55.997Z] > git remote --verbose [13ms]
[2022-04-04T03:27:55.997Z] > git for-each-ref --sort -committerdate --format %(refname) %(objectname) %(*objectname) [17ms]
[2022-04-04T03:27:56.006Z] > git config --get commit.template [3ms]
[2022-04-04T03:27:56.012Z] > git symbolic-ref --short HEAD [1ms]
[2022-04-04T03:27:56.017Z] > git for-each-ref --format=%(refname)%00%(upstream:short)%00%(objectname)%00%(upstream:track) refs/heads/master refs/remotes/master [1ms]
[2022-04-04T03:27:56.025Z] > git for-each-ref --sort -committerdate --format %(refname) %(objectname) %(*objectname) [4ms]
[2022-04-04T03:27:56.029Z] > git remote --verbose [5ms]
[2022-04-04T03:27:56.035Z] > git config --get commit.template [1ms]
