[2022-04-07T19:43:06.038Z] Validating found git in: git
[2022-04-07T19:43:06.059Z] Using git 2.35.1 from git
[2022-04-07T19:43:06.098Z] > git rev-parse --git-dir [1ms]
[2022-04-07T19:43:06.101Z] Open repository: /home/mxviii/github/1password
[2022-04-07T19:43:06.128Z] > git symbolic-ref --short HEAD [8ms]
[2022-04-07T19:43:06.133Z] > git rev-parse --git-dir [6ms]
[2022-04-07T19:43:06.136Z] Open repository: /home/mxviii/github/ArchI0
[2022-04-07T19:43:06.153Z] > git for-each-ref --format=%(refname)%00%(upstream:short)%00%(objectname)%00%(upstream:track) refs/heads/master refs/remotes/master [20ms]
[2022-04-07T19:43:06.167Z] > git remote --verbose [2ms]
[2022-04-07T19:43:06.168Z] > git for-each-ref --sort -committerdate --format %(refname) %(objectname) %(*objectname) [10ms]
[2022-04-07T19:43:06.170Z] > git symbolic-ref --short HEAD [17ms]
[2022-04-07T19:43:06.185Z] > git for-each-ref --format=%(refname)%00%(upstream:short)%00%(objectname)%00%(upstream:track) refs/heads/master refs/remotes/master [10ms]
[2022-04-07T19:43:06.197Z] > git for-each-ref --sort -committerdate --format %(refname) %(objectname) %(*objectname) [8ms]
[2022-04-07T19:43:06.197Z] > git config --get commit.template [12ms]
[2022-04-07T19:43:06.198Z] > git rev-parse --git-dir [16ms]
[2022-04-07T19:43:06.200Z] Open repository: /home/mxviii/github/ArchMatic-improved
[2022-04-07T19:43:06.220Z] > git remote --verbose [24ms]
[2022-04-07T19:43:06.229Z] > git rev-parse --git-dir [9ms]
[2022-04-07T19:43:06.231Z] Open repository: /home/mxviii/github/ArchTitus
[2022-04-07T19:43:06.237Z] > git symbolic-ref --short HEAD [20ms]
[2022-04-07T19:43:06.248Z] > git for-each-ref --format=%(refname)%00%(upstream:short)%00%(objectname)%00%(upstream:track) refs/heads/master refs/remotes/master [7ms]
[2022-04-07T19:43:06.261Z] > git config --get commit.template [33ms]
[2022-04-07T19:43:06.267Z] > git rev-parse --git-dir [7ms]
[2022-04-07T19:43:06.269Z] Open repository: /home/mxviii/github/LARBS
[2022-04-07T19:43:06.276Z] > git remote --verbose [22ms]
[2022-04-07T19:43:06.276Z] > git for-each-ref --sort -committerdate --format %(refname) %(objectname) %(*objectname) [25ms]
[2022-04-07T19:43:06.287Z] > git symbolic-ref --short HEAD [21ms]
[2022-04-07T19:43:06.292Z] > git rev-parse --git-dir [5ms]
[2022-04-07T19:43:06.294Z] Open repository: /home/mxviii/github/aa-builder
[2022-04-07T19:43:06.301Z] > git symbolic-ref --short HEAD [17ms]
[2022-04-07T19:43:06.304Z] > git config --get commit.template [23ms]
[2022-04-07T19:43:06.314Z] > git for-each-ref --format=%(refname)%00%(upstream:short)%00%(objectname)%00%(upstream:track) refs/heads/master refs/remotes/master [10ms]
[2022-04-07T19:43:06.329Z] > git for-each-ref --format=%(refname)%00%(upstream:short)%00%(objectname)%00%(upstream:track) refs/heads/main refs/remotes/main [38ms]
[2022-04-07T19:43:06.341Z] > git remote --verbose [3ms]
[2022-04-07T19:43:06.341Z] > git for-each-ref --sort -committerdate --format %(refname) %(objectname) %(*objectname) [7ms]
[2022-04-07T19:43:06.347Z] > git rev-parse --git-dir [18ms]
[2022-04-07T19:43:06.349Z] Open repository: /home/mxviii/github/alis
[2022-04-07T19:43:06.358Z] > git remote --verbose [35ms]
[2022-04-07T19:43:06.358Z] > git for-each-ref --sort -committerdate --format %(refname) %(objectname) %(*objectname) [39ms]
[2022-04-07T19:43:06.360Z] > git symbolic-ref --short HEAD [46ms]
[2022-04-07T19:43:06.387Z] > git rev-parse --git-dir [6ms]
[2022-04-07T19:43:06.389Z] Open repository: /home/mxviii/github/alis-arco
[2022-04-07T19:43:06.400Z] > git symbolic-ref --short HEAD [24ms]
[2022-04-07T19:43:06.404Z] > git config --get commit.template [35ms]
[2022-04-07T19:43:06.406Z] > git config --get commit.template [39ms]
[2022-04-07T19:43:06.406Z] > git for-each-ref --format=%(refname)%00%(upstream:short)%00%(objectname)%00%(upstream:track) refs/heads/main refs/remotes/main [43ms]
[2022-04-07T19:43:06.421Z] > git remote --verbose [6ms]
[2022-04-07T19:43:06.421Z] > git for-each-ref --sort -committerdate --format %(refname) %(objectname) %(*objectname) [10ms]
[2022-04-07T19:43:06.424Z] > git for-each-ref --format=%(refname)%00%(upstream:short)%00%(objectname)%00%(upstream:track) refs/heads/master refs/remotes/master [20ms]
[2022-04-07T19:43:06.445Z] > git remote --verbose [12ms]
[2022-04-07T19:43:06.445Z] > git for-each-ref --sort -committerdate --format %(refname) %(objectname) %(*objectname) [16ms]
[2022-04-07T19:43:06.447Z] > git symbolic-ref --short HEAD [26ms]
[2022-04-07T19:43:06.493Z] > git for-each-ref --format=%(refname)%00%(upstream:short)%00%(objectname)%00%(upstream:track) refs/heads/main refs/remotes/main [42ms]
[2022-04-07T19:43:06.501Z] > git config --get commit.template [58ms]
[2022-04-07T19:43:06.502Z] > git rev-parse --git-dir [64ms]
[2022-04-07T19:43:06.504Z] Open repository: /home/mxviii/github/archer
[2022-04-07T19:43:06.542Z] > git remote --verbose [41ms]
[2022-04-07T19:43:06.542Z] > git for-each-ref --sort -committerdate --format %(refname) %(objectname) %(*objectname) [44ms]
[2022-04-07T19:43:06.545Z] > git config --get commit.template [52ms]
[2022-04-07T19:43:06.581Z] > git symbolic-ref --short HEAD [40ms]
[2022-04-07T19:43:06.598Z] > git for-each-ref --format=%(refname)%00%(upstream:short)%00%(objectname)%00%(upstream:track) refs/heads/master refs/remotes/master [13ms]
[2022-04-07T19:43:06.607Z] > git config --get commit.template [54ms]
[2022-04-07T19:43:06.624Z] > git remote --verbose [17ms]
[2022-04-07T19:43:06.624Z] > git for-each-ref --sort -committerdate --format %(refname) %(objectname) %(*objectname) [20ms]
[2022-04-07T19:43:06.625Z] > git rev-parse --git-dir [27ms]
[2022-04-07T19:43:06.627Z] Open repository: /home/mxviii/github/arco-plasma
[2022-04-07T19:43:06.644Z] > git symbolic-ref --short HEAD [2ms]
[2022-04-07T19:43:06.648Z] > git config --get commit.template [9ms]
[2022-04-07T19:43:06.652Z] > git for-each-ref --format=%(refname)%00%(upstream:short)%00%(objectname)%00%(upstream:track) refs/heads/master refs/remotes/master [4ms]
[2022-04-07T19:43:06.661Z] > git for-each-ref --sort -committerdate --format %(refname) %(objectname) %(*objectname) [5ms]
[2022-04-07T19:43:06.661Z] > git rev-parse --git-dir [9ms]
[2022-04-07T19:43:06.664Z] Open repository: /home/mxviii/github/arcolinux-nemesis
[2022-04-07T19:43:06.673Z] > git remote --verbose [13ms]
[2022-04-07T19:43:06.686Z] > git config --get commit.template [6ms]
[2022-04-07T19:43:06.719Z] > git symbolic-ref --short HEAD [1ms]
[2022-04-07T19:43:06.725Z] > git for-each-ref --format=%(refname)%00%(upstream:short)%00%(objectname)%00%(upstream:track) refs/heads/master refs/remotes/master [1ms]
[2022-04-07T19:43:06.735Z] > git remote --verbose [3ms]
[2022-04-07T19:43:06.735Z] > git for-each-ref --sort -committerdate --format %(refname) %(objectname) %(*objectname) [7ms]
[2022-04-07T19:43:06.740Z] > git config --get commit.template [1ms]
[2022-04-07T20:09:27.661Z] > git ls-files --stage -- /home/mxviii/github/aa-builder/build-archlinux-with-alis.sh [2ms]
[2022-04-07T20:09:27.665Z] > git cat-file -s 7024d886e534285f1446046258ee491010269a09 [1ms]
[2022-04-07T21:31:04.633Z] > git ls-files --stage -- /home/mxviii/github/aa-builder/build-archlinux-with-alis.sh [2ms]
[2022-04-07T21:31:04.640Z] > git cat-file -s 7024d886e534285f1446046258ee491010269a09 [2ms]
