[2022-04-10T02:22:11.878Z] Validating found git in: git
[2022-04-10T02:22:11.897Z] Using git 2.35.1 from git
[2022-04-10T02:22:11.950Z] > git rev-parse --git-dir [2ms]
[2022-04-10T02:22:11.954Z] Open repository: /home/mxviii/github/1password
[2022-04-10T02:22:11.989Z] > git symbolic-ref --short HEAD [7ms]
[2022-04-10T02:22:11.999Z] > git rev-parse --git-dir [11ms]
[2022-04-10T02:22:12.001Z] Open repository: /home/mxviii/github/ArchI0
[2022-04-10T02:22:12.023Z] > git for-each-ref --format=%(refname)%00%(upstream:short)%00%(objectname)%00%(upstream:track) refs/heads/master refs/remotes/master [25ms]
[2022-04-10T02:22:12.038Z] > git remote --verbose [3ms]
[2022-04-10T02:22:12.038Z] > git for-each-ref --sort -committerdate --format %(refname) %(objectname) %(*objectname) [7ms]
[2022-04-10T02:22:12.041Z] > git symbolic-ref --short HEAD [19ms]
[2022-04-10T02:22:12.060Z] > git for-each-ref --format=%(refname)%00%(upstream:short)%00%(objectname)%00%(upstream:track) refs/heads/master refs/remotes/master [11ms]
[2022-04-10T02:22:12.072Z] > git for-each-ref --sort -committerdate --format %(refname) %(objectname) %(*objectname) [5ms]
[2022-04-10T02:22:12.073Z] > git config --get commit.template [14ms]
[2022-04-10T02:22:12.074Z] > git rev-parse --git-dir [22ms]
[2022-04-10T02:22:12.077Z] Open repository: /home/mxviii/github/ArchMatic-improved
[2022-04-10T02:22:12.094Z] > git remote --verbose [23ms]
[2022-04-10T02:22:12.101Z] > git symbolic-ref --short HEAD [8ms]
[2022-04-10T02:22:12.118Z] > git rev-parse --git-dir [6ms]
[2022-04-10T02:22:12.120Z] Open repository: /home/mxviii/github/ArchTitus
[2022-04-10T02:22:12.128Z] > git for-each-ref --format=%(refname)%00%(upstream:short)%00%(objectname)%00%(upstream:track) refs/heads/master refs/remotes/master [23ms]
[2022-04-10T02:22:12.135Z] > git config --get commit.template [35ms]
[2022-04-10T02:22:12.143Z] > git remote --verbose [8ms]
[2022-04-10T02:22:12.143Z] > git for-each-ref --sort -committerdate --format %(refname) %(objectname) %(*objectname) [11ms]
[2022-04-10T02:22:12.154Z] > git symbolic-ref --short HEAD [12ms]
[2022-04-10T02:22:12.159Z] > git config --get commit.template [5ms]
[2022-04-10T02:22:12.160Z] > git rev-parse --git-dir [10ms]
[2022-04-10T02:22:12.161Z] Open repository: /home/mxviii/github/LARBS
[2022-04-10T02:22:12.176Z] > git for-each-ref --format=%(refname)%00%(upstream:short)%00%(objectname)%00%(upstream:track) refs/heads/main refs/remotes/main [17ms]
[2022-04-10T02:22:12.192Z] > git remote --verbose [4ms]
[2022-04-10T02:22:12.192Z] > git for-each-ref --sort -committerdate --format %(refname) %(objectname) %(*objectname) [10ms]
[2022-04-10T02:22:12.195Z] > git symbolic-ref --short HEAD [19ms]
[2022-04-10T02:22:12.210Z] > git for-each-ref --format=%(refname)%00%(upstream:short)%00%(objectname)%00%(upstream:track) refs/heads/master refs/remotes/master [10ms]
[2022-04-10T02:22:12.256Z] > git remote --verbose [37ms]
[2022-04-10T02:22:12.256Z] > git for-each-ref --sort -committerdate --format %(refname) %(objectname) %(*objectname) [41ms]
[2022-04-10T02:22:12.257Z] > git config --get commit.template [48ms]
[2022-04-10T02:22:12.258Z] > git rev-parse --git-dir [53ms]
[2022-04-10T02:22:12.259Z] Open repository: /home/mxviii/github/aa-builder
[2022-04-10T02:22:12.291Z] > git symbolic-ref --short HEAD [8ms]
[2022-04-10T02:22:12.296Z] > git config --get commit.template [18ms]
[2022-04-10T02:22:12.297Z] > git rev-parse --git-dir [7ms]
[2022-04-10T02:22:12.299Z] Open repository: /home/mxviii/github/alis
[2022-04-10T02:22:12.313Z] > git for-each-ref --format=%(refname)%00%(upstream:short)%00%(objectname)%00%(upstream:track) refs/heads/main refs/remotes/main [17ms]
[2022-04-10T02:22:12.340Z] > git for-each-ref --sort -committerdate --format %(refname) %(objectname) %(*objectname) [22ms]
[2022-04-10T02:22:12.340Z] > git symbolic-ref --short HEAD [28ms]
[2022-04-10T02:22:12.372Z] > git for-each-ref --format=%(refname)%00%(upstream:short)%00%(objectname)%00%(upstream:track) refs/heads/master refs/remotes/master [28ms]
[2022-04-10T02:22:12.379Z] > git remote --verbose [54ms]
[2022-04-10T02:22:12.391Z] > git remote --verbose [12ms]
[2022-04-10T02:22:12.391Z] > git for-each-ref --sort -committerdate --format %(refname) %(objectname) %(*objectname) [15ms]
[2022-04-10T02:22:12.392Z] > git rev-parse --git-dir [44ms]
[2022-04-10T02:22:12.394Z] Open repository: /home/mxviii/github/alis-arco
[2022-04-10T02:22:12.420Z] > git config --get commit.template [34ms]
[2022-04-10T02:22:12.421Z] > git rev-parse --git-dir [2ms]
[2022-04-10T02:22:12.423Z] Open repository: /home/mxviii/github/archer
[2022-04-10T02:22:12.432Z] > git symbolic-ref --short HEAD [17ms]
[2022-04-10T02:22:12.439Z] > git config --get commit.template [31ms]
[2022-04-10T02:22:12.466Z] > git symbolic-ref --short HEAD [7ms]
[2022-04-10T02:22:12.472Z] > git for-each-ref --format=%(refname)%00%(upstream:short)%00%(objectname)%00%(upstream:track) refs/heads/main refs/remotes/main [33ms]
[2022-04-10T02:22:12.484Z] > git for-each-ref --sort -committerdate --format %(refname) %(objectname) %(*objectname) [7ms]
[2022-04-10T02:22:12.485Z] > git for-each-ref --format=%(refname)%00%(upstream:short)%00%(objectname)%00%(upstream:track) refs/heads/master refs/remotes/master [13ms]
[2022-04-10T02:22:12.501Z] > git remote --verbose [7ms]
[2022-04-10T02:22:12.501Z] > git for-each-ref --sort -committerdate --format %(refname) %(objectname) %(*objectname) [12ms]
[2022-04-10T02:22:12.503Z] > git remote --verbose [20ms]
[2022-04-10T02:22:12.514Z] > git rev-parse --git-dir [16ms]
[2022-04-10T02:22:12.516Z] Open repository: /home/mxviii/github/arco-plasma
[2022-04-10T02:22:12.538Z] > git config --get commit.template [24ms]
[2022-04-10T02:22:12.538Z] > git config --get commit.template [30ms]
[2022-04-10T02:22:12.542Z] > git rev-parse --git-dir [5ms]
[2022-04-10T02:22:12.544Z] Open repository: /home/mxviii/github/arcolinux-nemesis
[2022-04-10T02:22:12.556Z] > git symbolic-ref --short HEAD [24ms]
[2022-04-10T02:22:12.568Z] > git for-each-ref --format=%(refname)%00%(upstream:short)%00%(objectname)%00%(upstream:track) refs/heads/master refs/remotes/master [7ms]
[2022-04-10T02:22:12.583Z] > git for-each-ref --sort -committerdate --format %(refname) %(objectname) %(*objectname) [11ms]
[2022-04-10T02:22:12.588Z] > git symbolic-ref --short HEAD [6ms]
[2022-04-10T02:22:12.592Z] > git remote --verbose [16ms]
[2022-04-10T02:22:12.599Z] > git for-each-ref --format=%(refname)%00%(upstream:short)%00%(objectname)%00%(upstream:track) refs/heads/master refs/remotes/master [7ms]
[2022-04-10T02:22:12.611Z] > git remote --verbose [5ms]
[2022-04-10T02:22:12.612Z] > git for-each-ref --sort -committerdate --format %(refname) %(objectname) %(*objectname) [10ms]
[2022-04-10T02:22:12.613Z] > git config --get commit.template [13ms]
[2022-04-10T02:22:12.619Z] > git config --get commit.template [3ms]
[2022-04-10T02:34:51.853Z] > git ls-files --stage -- /home/mxviii/github/alis/alis-packages.conf [1ms]
[2022-04-10T02:34:51.858Z] > git cat-file -s edb668e8162cc175a3a03b09d717478cf4d7f24f [1ms]
