[2022-04-10T02:21:00.866Z] Validating found git in: git
[2022-04-10T02:21:00.884Z] Using git 2.35.1 from git
[2022-04-10T02:21:00.927Z] > git rev-parse --git-dir [2ms]
[2022-04-10T02:21:00.930Z] Open repository: /home/mxviii/github/1password
[2022-04-10T02:21:00.955Z] > git symbolic-ref --short HEAD [7ms]
[2022-04-10T02:21:00.959Z] > git rev-parse --git-dir [5ms]
[2022-04-10T02:21:00.962Z] Open repository: /home/mxviii/github/ArchI0
[2022-04-10T02:21:00.978Z] > git for-each-ref --format=%(refname)%00%(upstream:short)%00%(objectname)%00%(upstream:track) refs/heads/master refs/remotes/master [19ms]
[2022-04-10T02:21:00.990Z] > git remote --verbose [4ms]
[2022-04-10T02:21:00.991Z] > git for-each-ref --sort -committerdate --format %(refname) %(objectname) %(*objectname) [9ms]
[2022-04-10T02:21:00.992Z] > git symbolic-ref --short HEAD [15ms]
[2022-04-10T02:21:01.006Z] > git for-each-ref --format=%(refname)%00%(upstream:short)%00%(objectname)%00%(upstream:track) refs/heads/master refs/remotes/master [10ms]
[2022-04-10T02:21:01.014Z] > git for-each-ref --sort -committerdate --format %(refname) %(objectname) %(*objectname) [5ms]
[2022-04-10T02:21:01.014Z] > git config --get commit.template [9ms]
[2022-04-10T02:21:01.015Z] > git rev-parse --git-dir [15ms]
[2022-04-10T02:21:01.018Z] Open repository: /home/mxviii/github/ArchMatic-improved
[2022-04-10T02:21:01.030Z] > git remote --verbose [17ms]
[2022-04-10T02:21:01.037Z] > git symbolic-ref --short HEAD [7ms]
[2022-04-10T02:21:01.045Z] > git for-each-ref --format=%(refname)%00%(upstream:short)%00%(objectname)%00%(upstream:track) refs/heads/master refs/remotes/master [4ms]
[2022-04-10T02:21:01.053Z] > git config --get commit.template [16ms]
[2022-04-10T02:21:01.054Z] > git remote --verbose [2ms]
[2022-04-10T02:21:01.055Z] > git for-each-ref --sort -committerdate --format %(refname) %(objectname) %(*objectname) [6ms]
[2022-04-10T02:21:01.056Z] > git rev-parse --git-dir [12ms]
[2022-04-10T02:21:01.058Z] Open repository: /home/mxviii/github/ArchTitus
[2022-04-10T02:21:01.077Z] > git config --get commit.template [4ms]
[2022-04-10T02:21:01.078Z] > git rev-parse --git-dir [1ms]
[2022-04-10T02:21:01.080Z] Open repository: /home/mxviii/github/LARBS
[2022-04-10T02:21:01.099Z] > git symbolic-ref --short HEAD [5ms]
[2022-04-10T02:21:01.102Z] > git symbolic-ref --short HEAD [11ms]
[2022-04-10T02:21:01.106Z] > git for-each-ref --format=%(refname)%00%(upstream:short)%00%(objectname)%00%(upstream:track) refs/heads/master refs/remotes/master [4ms]
[2022-04-10T02:21:01.112Z] > git rev-parse --git-dir [14ms]
[2022-04-10T02:21:01.114Z] Open repository: /home/mxviii/github/aa-builder
[2022-04-10T02:21:01.134Z] > git remote --verbose [22ms]
[2022-04-10T02:21:01.135Z] > git for-each-ref --sort -committerdate --format %(refname) %(objectname) %(*objectname) [26ms]
[2022-04-10T02:21:01.137Z] > git for-each-ref --format=%(refname)%00%(upstream:short)%00%(objectname)%00%(upstream:track) refs/heads/main refs/remotes/main [31ms]
[2022-04-10T02:21:01.147Z] > git for-each-ref --sort -committerdate --format %(refname) %(objectname) %(*objectname) [7ms]
[2022-04-10T02:21:01.147Z] > git rev-parse --git-dir [13ms]
[2022-04-10T02:21:01.149Z] Open repository: /home/mxviii/github/alis
[2022-04-10T02:21:01.158Z] > git symbolic-ref --short HEAD [29ms]
[2022-04-10T02:21:01.191Z] > git config --get commit.template [44ms]
[2022-04-10T02:21:01.192Z] > git remote --verbose [49ms]
[2022-04-10T02:21:01.206Z] > git rev-parse --git-dir [15ms]
[2022-04-10T02:21:01.207Z] Open repository: /home/mxviii/github/alis-arco
[2022-04-10T02:21:01.215Z] > git symbolic-ref --short HEAD [28ms]
[2022-04-10T02:21:01.220Z] > git for-each-ref --format=%(refname)%00%(upstream:short)%00%(objectname)%00%(upstream:track) refs/heads/main refs/remotes/main [59ms]
[2022-04-10T02:21:01.236Z] > git remote --verbose [9ms]
[2022-04-10T02:21:01.236Z] > git for-each-ref --sort -committerdate --format %(refname) %(objectname) %(*objectname) [12ms]
[2022-04-10T02:21:01.238Z] > git for-each-ref --format=%(refname)%00%(upstream:short)%00%(objectname)%00%(upstream:track) refs/heads/master refs/remotes/master [18ms]
[2022-04-10T02:21:01.248Z] > git config --get commit.template [43ms]
[2022-04-10T02:21:01.253Z] > git rev-parse --git-dir [5ms]
[2022-04-10T02:21:01.255Z] Open repository: /home/mxviii/github/archer
[2022-04-10T02:21:01.265Z] > git remote --verbose [20ms]
[2022-04-10T02:21:01.265Z] > git for-each-ref --sort -committerdate --format %(refname) %(objectname) %(*objectname) [24ms]
[2022-04-10T02:21:01.266Z] > git symbolic-ref --short HEAD [31ms]
[2022-04-10T02:21:01.282Z] > git config --get commit.template [30ms]
[2022-04-10T02:21:01.288Z] > git symbolic-ref --short HEAD [11ms]
[2022-04-10T02:21:01.293Z] > git config --get commit.template [19ms]
[2022-04-10T02:21:01.293Z] > git for-each-ref --format=%(refname)%00%(upstream:short)%00%(objectname)%00%(upstream:track) refs/heads/main refs/remotes/main [23ms]
[2022-04-10T02:21:01.349Z] > git remote --verbose [48ms]
[2022-04-10T02:21:01.349Z] > git for-each-ref --sort -committerdate --format %(refname) %(objectname) %(*objectname) [52ms]
[2022-04-10T02:21:01.350Z] > git for-each-ref --format=%(refname)%00%(upstream:short)%00%(objectname)%00%(upstream:track) refs/heads/master refs/remotes/master [58ms]
[2022-04-10T02:21:01.359Z] > git rev-parse --git-dir [71ms]
[2022-04-10T02:21:01.361Z] Open repository: /home/mxviii/github/arco-plasma
[2022-04-10T02:21:01.394Z] > git remote --verbose [36ms]
[2022-04-10T02:21:01.395Z] > git for-each-ref --sort -committerdate --format %(refname) %(objectname) %(*objectname) [40ms]
[2022-04-10T02:21:01.403Z] > git rev-parse --git-dir [9ms]
[2022-04-10T02:21:01.404Z] Open repository: /home/mxviii/github/arcolinux-nemesis
[2022-04-10T02:21:01.412Z] > git symbolic-ref --short HEAD [21ms]
[2022-04-10T02:21:01.416Z] > git config --get commit.template [29ms]
[2022-04-10T02:21:01.423Z] > git config --get commit.template [21ms]
[2022-04-10T02:21:01.429Z] > git for-each-ref --format=%(refname)%00%(upstream:short)%00%(objectname)%00%(upstream:track) refs/heads/master refs/remotes/master [13ms]
[2022-04-10T02:21:01.440Z] > git for-each-ref --sort -committerdate --format %(refname) %(objectname) %(*objectname) [6ms]
[2022-04-10T02:21:01.445Z] > git remote --verbose [6ms]
[2022-04-10T02:21:01.452Z] > git config --get commit.template [1ms]
[2022-04-10T02:21:01.458Z] > git symbolic-ref --short HEAD [1ms]
[2022-04-10T02:21:01.464Z] > git for-each-ref --format=%(refname)%00%(upstream:short)%00%(objectname)%00%(upstream:track) refs/heads/master refs/remotes/master [3ms]
[2022-04-10T02:21:01.473Z] > git for-each-ref --sort -committerdate --format %(refname) %(objectname) %(*objectname) [5ms]
[2022-04-10T02:21:01.473Z] > git remote --verbose [1ms]
[2022-04-10T02:21:01.478Z] > git config --get commit.template [1ms]
