[2022-04-09T14:27:12.170Z] Validating found git in: git
[2022-04-09T14:27:12.187Z] Using git 2.35.1 from git
[2022-04-09T14:27:12.227Z] > git rev-parse --git-dir [1ms]
[2022-04-09T14:27:12.230Z] Open repository: /home/mxviii/github/1password
[2022-04-09T14:27:12.255Z] > git symbolic-ref --short HEAD [8ms]
[2022-04-09T14:27:12.260Z] > git rev-parse --git-dir [6ms]
[2022-04-09T14:27:12.262Z] Open repository: /home/mxviii/github/ArchI0
[2022-04-09T14:27:12.276Z] > git for-each-ref --format=%(refname)%00%(upstream:short)%00%(objectname)%00%(upstream:track) refs/heads/master refs/remotes/master [17ms]
[2022-04-09T14:27:12.287Z] > git remote --verbose [1ms]
[2022-04-09T14:27:12.288Z] > git for-each-ref --sort -committerdate --format %(refname) %(objectname) %(*objectname) [8ms]
[2022-04-09T14:27:12.289Z] > git symbolic-ref --short HEAD [13ms]
[2022-04-09T14:27:12.303Z] > git for-each-ref --format=%(refname)%00%(upstream:short)%00%(objectname)%00%(upstream:track) refs/heads/master refs/remotes/master [11ms]
[2022-04-09T14:27:12.312Z] > git for-each-ref --sort -committerdate --format %(refname) %(objectname) %(*objectname) [5ms]
[2022-04-09T14:27:12.312Z] > git config --get commit.template [10ms]
[2022-04-09T14:27:12.313Z] > git rev-parse --git-dir [16ms]
[2022-04-09T14:27:12.316Z] Open repository: /home/mxviii/github/ArchMatic-improved
[2022-04-09T14:27:12.333Z] > git remote --verbose [22ms]
[2022-04-09T14:27:12.340Z] > git symbolic-ref --short HEAD [8ms]
[2022-04-09T14:27:12.354Z] > git for-each-ref --format=%(refname)%00%(upstream:short)%00%(objectname)%00%(upstream:track) refs/heads/master refs/remotes/master [9ms]
[2022-04-09T14:27:12.360Z] > git config --get commit.template [20ms]
[2022-04-09T14:27:12.367Z] > git remote --verbose [7ms]
[2022-04-09T14:27:12.368Z] > git for-each-ref --sort -committerdate --format %(refname) %(objectname) %(*objectname) [11ms]
[2022-04-09T14:27:12.370Z] > git rev-parse --git-dir [17ms]
[2022-04-09T14:27:12.372Z] Open repository: /home/mxviii/github/ArchTitus
[2022-04-09T14:27:12.392Z] > git config --get commit.template [5ms]
[2022-04-09T14:27:12.393Z] > git rev-parse --git-dir [2ms]
[2022-04-09T14:27:12.395Z] Open repository: /home/mxviii/github/LARBS
[2022-04-09T14:27:12.423Z] > git rev-parse --git-dir [4ms]
[2022-04-09T14:27:12.425Z] Open repository: /home/mxviii/github/aa-builder
[2022-04-09T14:27:12.435Z] > git symbolic-ref --short HEAD [22ms]
[2022-04-09T14:27:12.438Z] > git symbolic-ref --short HEAD [31ms]
[2022-04-09T14:27:12.445Z] > git for-each-ref --format=%(refname)%00%(upstream:short)%00%(objectname)%00%(upstream:track) refs/heads/master refs/remotes/master [7ms]
[2022-04-09T14:27:12.458Z] > git remote --verbose [5ms]
[2022-04-09T14:27:12.459Z] > git for-each-ref --sort -committerdate --format %(refname) %(objectname) %(*objectname) [10ms]
[2022-04-09T14:27:12.460Z] > git symbolic-ref --short HEAD [15ms]
[2022-04-09T14:27:12.463Z] > git for-each-ref --format=%(refname)%00%(upstream:short)%00%(objectname)%00%(upstream:track) refs/heads/main refs/remotes/main [23ms]
[2022-04-09T14:27:12.493Z] > git remote --verbose [22ms]
[2022-04-09T14:27:12.493Z] > git for-each-ref --sort -committerdate --format %(refname) %(objectname) %(*objectname) [26ms]
[2022-04-09T14:27:12.497Z] > git for-each-ref --format=%(refname)%00%(upstream:short)%00%(objectname)%00%(upstream:track) refs/heads/main refs/remotes/main [34ms]
[2022-04-09T14:27:12.507Z] > git rev-parse --git-dir [50ms]
[2022-04-09T14:27:12.511Z] Open repository: /home/mxviii/github/alis
[2022-04-09T14:27:12.536Z] > git remote --verbose [30ms]
[2022-04-09T14:27:12.536Z] > git for-each-ref --sort -committerdate --format %(refname) %(objectname) %(*objectname) [34ms]
[2022-04-09T14:27:12.538Z] > git config --get commit.template [63ms]
[2022-04-09T14:27:12.545Z] > git rev-parse --git-dir [9ms]
[2022-04-09T14:27:12.548Z] Open repository: /home/mxviii/github/alis-arco
[2022-04-09T14:27:12.556Z] > git symbolic-ref --short HEAD [24ms]
[2022-04-09T14:27:12.558Z] > git config --get commit.template [31ms]
[2022-04-09T14:27:12.568Z] > git config --get commit.template [23ms]
[2022-04-09T14:27:12.570Z] > git rev-parse --git-dir [2ms]
[2022-04-09T14:27:12.572Z] Open repository: /home/mxviii/github/archer
[2022-04-09T14:27:12.582Z] > git symbolic-ref --short HEAD [18ms]
[2022-04-09T14:27:12.586Z] > git for-each-ref --format=%(refname)%00%(upstream:short)%00%(objectname)%00%(upstream:track) refs/heads/master refs/remotes/master [28ms]
[2022-04-09T14:27:12.651Z] > git remote --verbose [57ms]
[2022-04-09T14:27:12.652Z] > git for-each-ref --sort -committerdate --format %(refname) %(objectname) %(*objectname) [62ms]
[2022-04-09T14:27:12.653Z] > git for-each-ref --format=%(refname)%00%(upstream:short)%00%(objectname)%00%(upstream:track) refs/heads/main refs/remotes/main [67ms]
[2022-04-09T14:27:12.675Z] > git remote --verbose [17ms]
[2022-04-09T14:27:12.676Z] > git for-each-ref --sort -committerdate --format %(refname) %(objectname) %(*objectname) [21ms]
[2022-04-09T14:27:12.677Z] > git symbolic-ref --short HEAD [26ms]
[2022-04-09T14:27:12.685Z] > git rev-parse --git-dir [10ms]
[2022-04-09T14:27:12.686Z] Open repository: /home/mxviii/github/arco-plasma
[2022-04-09T14:27:12.695Z] > git config --get commit.template [24ms]
[2022-04-09T14:27:12.716Z] > git config --get commit.template [32ms]
[2022-04-09T14:27:12.717Z] > git for-each-ref --format=%(refname)%00%(upstream:short)%00%(objectname)%00%(upstream:track) refs/heads/master refs/remotes/master [36ms]
[2022-04-09T14:27:12.727Z] > git remote --verbose [3ms]
[2022-04-09T14:27:12.728Z] > git for-each-ref --sort -committerdate --format %(refname) %(objectname) %(*objectname) [8ms]
[2022-04-09T14:27:12.730Z] > git rev-parse --git-dir [15ms]
[2022-04-09T14:27:12.731Z] Open repository: /home/mxviii/github/arcolinux-nemesis
[2022-04-09T14:27:12.742Z] > git symbolic-ref --short HEAD [32ms]
[2022-04-09T14:27:12.761Z] > git config --get commit.template [7ms]
[2022-04-09T14:27:12.762Z] > git for-each-ref --format=%(refname)%00%(upstream:short)%00%(objectname)%00%(upstream:track) refs/heads/master refs/remotes/master [14ms]
[2022-04-09T14:27:12.771Z] > git for-each-ref --sort -committerdate --format %(refname) %(objectname) %(*objectname) [6ms]
[2022-04-09T14:27:12.775Z] > git remote --verbose [5ms]
[2022-04-09T14:27:12.797Z] > git config --get commit.template [16ms]
[2022-04-09T14:27:12.799Z] > git symbolic-ref --short HEAD [2ms]
[2022-04-09T14:27:12.804Z] > git for-each-ref --format=%(refname)%00%(upstream:short)%00%(objectname)%00%(upstream:track) refs/heads/master refs/remotes/master [1ms]
[2022-04-09T14:27:12.811Z] > git for-each-ref --sort -committerdate --format %(refname) %(objectname) %(*objectname) [4ms]
[2022-04-09T14:27:12.812Z] > git remote --verbose [2ms]
[2022-04-09T14:27:12.818Z] > git config --get commit.template [1ms]
[2022-04-09T14:29:40.080Z] > git ls-files --stage -- /home/mxviii/github/alis/alis-packages.conf [2ms]
[2022-04-09T14:29:40.086Z] > git cat-file -s edb668e8162cc175a3a03b09d717478cf4d7f24f [2ms]
