[2022-04-08T09:58:29.375Z] Validating found git in: git
[2022-04-08T09:58:29.400Z] Using git 2.35.1 from git
[2022-04-08T09:58:29.480Z] > git rev-parse --git-dir [2ms]
[2022-04-08T09:58:29.486Z] Open repository: /home/mxviii/github/1password
[2022-04-08T09:58:29.531Z] > git symbolic-ref --short HEAD [12ms]
[2022-04-08T09:58:29.545Z] > git rev-parse --git-dir [15ms]
[2022-04-08T09:58:29.548Z] Open repository: /home/mxviii/github/ArchI0
[2022-04-08T09:58:29.574Z] > git for-each-ref --format=%(refname)%00%(upstream:short)%00%(objectname)%00%(upstream:track) refs/heads/master refs/remotes/master [30ms]
[2022-04-08T09:58:29.589Z] > git remote --verbose [3ms]
[2022-04-08T09:58:29.589Z] > git for-each-ref --sort -committerdate --format %(refname) %(objectname) %(*objectname) [8ms]
[2022-04-08T09:58:29.591Z] > git symbolic-ref --short HEAD [18ms]
[2022-04-08T09:58:29.607Z] > git for-each-ref --format=%(refname)%00%(upstream:short)%00%(objectname)%00%(upstream:track) refs/heads/master refs/remotes/master [12ms]
[2022-04-08T09:58:29.622Z] > git for-each-ref --sort -committerdate --format %(refname) %(objectname) %(*objectname) [8ms]
[2022-04-08T09:58:29.622Z] > git config --get commit.template [15ms]
[2022-04-08T09:58:29.623Z] > git rev-parse --git-dir [21ms]
[2022-04-08T09:58:29.627Z] Open repository: /home/mxviii/github/ArchMatic-improved
[2022-04-08T09:58:29.644Z] > git remote --verbose [24ms]
[2022-04-08T09:58:29.660Z] > git symbolic-ref --short HEAD [17ms]
[2022-04-08T09:58:29.671Z] > git for-each-ref --format=%(refname)%00%(upstream:short)%00%(objectname)%00%(upstream:track) refs/heads/master refs/remotes/master [6ms]
[2022-04-08T09:58:29.678Z] > git config --get commit.template [18ms]
[2022-04-08T09:58:29.680Z] > git remote --verbose [2ms]
[2022-04-08T09:58:29.680Z] > git for-each-ref --sort -committerdate --format %(refname) %(objectname) %(*objectname) [5ms]
[2022-04-08T09:58:29.683Z] > git rev-parse --git-dir [13ms]
[2022-04-08T09:58:29.685Z] Open repository: /home/mxviii/github/ArchTitus
[2022-04-08T09:58:29.709Z] > git symbolic-ref --short HEAD [6ms]
[2022-04-08T09:58:29.714Z] > git config --get commit.template [17ms]
[2022-04-08T09:58:29.716Z] > git rev-parse --git-dir [8ms]
[2022-04-08T09:58:29.718Z] Open repository: /home/mxviii/github/LARBS
[2022-04-08T09:58:29.740Z] > git for-each-ref --format=%(refname)%00%(upstream:short)%00%(objectname)%00%(upstream:track) refs/heads/main refs/remotes/main [26ms]
[2022-04-08T09:58:29.750Z] > git for-each-ref --sort -committerdate --format %(refname) %(objectname) %(*objectname) [6ms]
[2022-04-08T09:58:29.750Z] > git rev-parse --git-dir [11ms]
[2022-04-08T09:58:29.752Z] Open repository: /home/mxviii/github/aa-builder
[2022-04-08T09:58:29.763Z] > git symbolic-ref --short HEAD [27ms]
[2022-04-08T09:58:29.780Z] > git remote --verbose [31ms]
[2022-04-08T09:58:29.853Z] > git rev-parse --git-dir [74ms]
[2022-04-08T09:58:29.854Z] Open repository: /home/mxviii/github/alis
[2022-04-08T09:58:29.866Z] > git symbolic-ref --short HEAD [92ms]
[2022-04-08T09:58:29.871Z] > git for-each-ref --format=%(refname)%00%(upstream:short)%00%(objectname)%00%(upstream:track) refs/heads/master refs/remotes/master [103ms]
[2022-04-08T09:58:29.898Z] > git remote --verbose [18ms]
[2022-04-08T09:58:29.898Z] > git for-each-ref --sort -committerdate --format %(refname) %(objectname) %(*objectname) [22ms]
[2022-04-08T09:58:29.901Z] > git for-each-ref --format=%(refname)%00%(upstream:short)%00%(objectname)%00%(upstream:track) refs/heads/main refs/remotes/main [30ms]
[2022-04-08T09:58:29.917Z] > git config --get commit.template [89ms]
[2022-04-08T09:58:29.924Z] > git rev-parse --git-dir [7ms]
[2022-04-08T09:58:29.926Z] Open repository: /home/mxviii/github/alis-arco
[2022-04-08T09:58:29.937Z] > git remote --verbose [26ms]
[2022-04-08T09:58:29.937Z] > git for-each-ref --sort -committerdate --format %(refname) %(objectname) %(*objectname) [32ms]
[2022-04-08T09:58:29.940Z] > git symbolic-ref --short HEAD [42ms]
[2022-04-08T09:58:29.969Z] > git config --get commit.template [46ms]
[2022-04-08T09:58:29.980Z] > git rev-parse --git-dir [10ms]
[2022-04-08T09:58:29.982Z] Open repository: /home/mxviii/github/archer
[2022-04-08T09:58:29.994Z] > git symbolic-ref --short HEAD [32ms]
[2022-04-08T09:58:30.000Z] > git config --get commit.template [46ms]
[2022-04-08T09:58:30.001Z] > git for-each-ref --format=%(refname)%00%(upstream:short)%00%(objectname)%00%(upstream:track) refs/heads/master refs/remotes/master [55ms]
[2022-04-08T09:58:30.023Z] > git remote --verbose [11ms]
[2022-04-08T09:58:30.024Z] > git for-each-ref --sort -committerdate --format %(refname) %(objectname) %(*objectname) [18ms]
[2022-04-08T09:58:30.025Z] > git for-each-ref --format=%(refname)%00%(upstream:short)%00%(objectname)%00%(upstream:track) refs/heads/main refs/remotes/main [25ms]
[2022-04-08T09:58:30.087Z] > git remote --verbose [50ms]
[2022-04-08T09:58:30.087Z] > git for-each-ref --sort -committerdate --format %(refname) %(objectname) %(*objectname) [57ms]
[2022-04-08T09:58:30.090Z] > git symbolic-ref --short HEAD [67ms]
[2022-04-08T09:58:30.106Z] > git rev-parse --git-dir [20ms]
[2022-04-08T09:58:30.110Z] Open repository: /home/mxviii/github/arco-plasma
[2022-04-08T09:58:30.129Z] > git config --get commit.template [73ms]
[2022-04-08T09:58:30.148Z] > git config --get commit.template [43ms]
[2022-04-08T09:58:30.149Z] > git for-each-ref --format=%(refname)%00%(upstream:short)%00%(objectname)%00%(upstream:track) refs/heads/master refs/remotes/master [54ms]
[2022-04-08T09:58:30.164Z] > git remote --verbose [4ms]
[2022-04-08T09:58:30.164Z] > git for-each-ref --sort -committerdate --format %(refname) %(objectname) %(*objectname) [10ms]
[2022-04-08T09:58:30.166Z] > git rev-parse --git-dir [18ms]
[2022-04-08T09:58:30.169Z] Open repository: /home/mxviii/github/arcolinux-nemesis
[2022-04-08T09:58:30.179Z] > git symbolic-ref --short HEAD [38ms]
[2022-04-08T09:58:30.216Z] > git config --get commit.template [25ms]
[2022-04-08T09:58:30.217Z] > git for-each-ref --format=%(refname)%00%(upstream:short)%00%(objectname)%00%(upstream:track) refs/heads/master refs/remotes/master [31ms]
[2022-04-08T09:58:30.234Z] > git remote --verbose [6ms]
[2022-04-08T09:58:30.235Z] > git for-each-ref --sort -committerdate --format %(refname) %(objectname) %(*objectname) [12ms]
[2022-04-08T09:58:30.243Z] > git symbolic-ref --short HEAD [34ms]
[2022-04-08T09:58:30.257Z] > git for-each-ref --format=%(refname)%00%(upstream:short)%00%(objectname)%00%(upstream:track) refs/heads/master refs/remotes/master [7ms]
[2022-04-08T09:58:30.275Z] > git remote --verbose [5ms]
[2022-04-08T09:58:30.275Z] > git for-each-ref --sort -committerdate --format %(refname) %(objectname) %(*objectname) [12ms]
[2022-04-08T09:58:30.277Z] > git config --get commit.template [21ms]
[2022-04-08T09:58:30.288Z] > git config --get commit.template [2ms]
[2022-04-08T09:58:51.804Z] > git ls-files --stage -- /home/mxviii/github/alis/alis-packages.conf [2ms]
[2022-04-08T09:58:51.809Z] > git cat-file -s 4030f3551f6bf8b404e03d2a3d0644c162e0d4f9 [2ms]
[2022-04-08T10:10:18.738Z] > git symbolic-ref --short HEAD [1ms]
[2022-04-08T10:10:18.743Z] > git for-each-ref --format=%(refname)%00%(upstream:short)%00%(objectname)%00%(upstream:track) refs/heads/master refs/remotes/master [1ms]
[2022-04-08T10:10:18.751Z] > git for-each-ref --sort -committerdate --format %(refname) %(objectname) %(*objectname) [4ms]
[2022-04-08T10:10:18.751Z] > git remote --verbose [1ms]
[2022-04-08T10:10:18.757Z] > git config --get commit.template [1ms]
[2022-04-08T10:11:07.936Z] > git symbolic-ref --short HEAD [3ms]
[2022-04-08T10:11:07.947Z] > git for-each-ref --format=%(refname)%00%(upstream:short)%00%(objectname)%00%(upstream:track) refs/heads/master refs/remotes/master [2ms]
[2022-04-08T10:11:07.956Z] > git for-each-ref --sort -committerdate --format %(refname) %(objectname) %(*objectname) [4ms]
[2022-04-08T10:11:07.957Z] > git remote --verbose [1ms]
[2022-04-08T10:11:07.963Z] > git config --get commit.template [1ms]
[2022-04-08T10:11:27.268Z] > git symbolic-ref --short HEAD [3ms]
[2022-04-08T10:11:27.277Z] > git for-each-ref --format=%(refname)%00%(upstream:short)%00%(objectname)%00%(upstream:track) refs/heads/master refs/remotes/master [3ms]
[2022-04-08T10:11:27.288Z] > git for-each-ref --sort -committerdate --format %(refname) %(objectname) %(*objectname) [6ms]
[2022-04-08T10:11:27.289Z] > git remote --verbose [2ms]
[2022-04-08T10:11:27.298Z] > git config --get commit.template [2ms]
[2022-04-08T10:11:43.624Z] > git symbolic-ref --short HEAD [3ms]
[2022-04-08T10:11:43.637Z] > git for-each-ref --format=%(refname)%00%(upstream:short)%00%(objectname)%00%(upstream:track) refs/heads/master refs/remotes/master [4ms]
[2022-04-08T10:11:43.654Z] > git for-each-ref --sort -committerdate --format %(refname) %(objectname) %(*objectname) [9ms]
[2022-04-08T10:11:43.655Z] > git remote --verbose [3ms]
[2022-04-08T10:11:43.668Z] > git config --get commit.template [3ms]
[2022-04-08T10:12:00.148Z] git.stage 1
[2022-04-08T10:12:00.149Z] git.stage.scmResources 1
[2022-04-08T10:12:00.158Z] > git add -A -- /home/mxviii/github/alis/alis-packages.conf [4ms]
[2022-04-08T10:12:00.174Z] > git symbolic-ref --short HEAD [2ms]
[2022-04-08T10:12:00.185Z] > git for-each-ref --format=%(refname)%00%(upstream:short)%00%(objectname)%00%(upstream:track) refs/heads/master refs/remotes/master [3ms]
[2022-04-08T10:12:00.206Z] > git for-each-ref --sort -committerdate --format %(refname) %(objectname) %(*objectname) [13ms]
[2022-04-08T10:12:00.207Z] > git remote --verbose [6ms]
[2022-04-08T10:12:00.216Z] > git config --get commit.template [2ms]
[2022-04-08T10:12:01.303Z] > git symbolic-ref --short HEAD [4ms]
[2022-04-08T10:12:01.317Z] > git for-each-ref --format=%(refname)%00%(upstream:short)%00%(objectname)%00%(upstream:track) refs/heads/master refs/remotes/master [4ms]
[2022-04-08T10:12:01.339Z] > git for-each-ref --sort -committerdate --format %(refname) %(objectname) %(*objectname) [11ms]
[2022-04-08T10:12:01.340Z] > git remote --verbose [3ms]
[2022-04-08T10:12:01.350Z] > git config --get commit.template [2ms]
[2022-04-08T10:12:01.385Z] > git ls-files --stage -- /home/mxviii/github/alis/alis-packages.conf [2ms]
[2022-04-08T10:12:01.392Z] > git cat-file -s edb668e8162cc175a3a03b09d717478cf4d7f24f [2ms]
[2022-04-08T10:12:33.344Z] > git -c user.useConfigOnly=true commit --quiet --allow-empty-message --file - [22ms]
[2022-04-08T10:12:33.367Z] > git symbolic-ref --short HEAD [2ms]
[2022-04-08T10:12:33.378Z] > git for-each-ref --format=%(refname)%00%(upstream:short)%00%(objectname)%00%(upstream:track) refs/heads/master refs/remotes/master [3ms]
[2022-04-08T10:12:33.394Z] > git for-each-ref --sort -committerdate --format %(refname) %(objectname) %(*objectname) [9ms]
[2022-04-08T10:12:33.395Z] > git remote --verbose [3ms]
[2022-04-08T10:12:33.412Z] > git config --get commit.template [3ms]
[2022-04-08T10:12:33.423Z] > git config --get commit.template [2ms]
[2022-04-08T10:12:34.519Z] > git ls-files --stage -- /home/mxviii/github/alis/alis-packages.conf [3ms]
[2022-04-08T10:12:34.530Z] > git cat-file -s edb668e8162cc175a3a03b09d717478cf4d7f24f [3ms]
[2022-04-08T10:12:54.527Z] > git log --oneline --cherry master...master@{upstream} -- [4ms]
[2022-04-08T10:12:54.894Z] > git pull --tags origin master [359ms]
[2022-04-08T10:12:54.894Z] From https://github.com/SudoSwole/alis
 * branch            master     -> FETCH_HEAD
[2022-04-08T10:12:57.329Z] > git ls-files --stage -- /home/mxviii/github/alis/alis-packages.conf [2ms]
[2022-04-08T10:12:57.337Z] > git cat-file -s edb668e8162cc175a3a03b09d717478cf4d7f24f [2ms]
[2022-04-08T10:13:09.396Z] > git push origin master:master [14493ms]
[2022-04-08T10:13:09.396Z] To https://github.com/SudoSwole/alis
   5f4545e..965f8be  master -> master
[2022-04-08T10:13:09.423Z] > git symbolic-ref --short HEAD [2ms]
[2022-04-08T10:13:09.432Z] > git for-each-ref --format=%(refname)%00%(upstream:short)%00%(objectname)%00%(upstream:track) refs/heads/master refs/remotes/master [3ms]
[2022-04-08T10:13:09.447Z] > git for-each-ref --sort -committerdate --format %(refname) %(objectname) %(*objectname) [9ms]
[2022-04-08T10:13:09.448Z] > git remote --verbose [3ms]
[2022-04-08T10:13:09.459Z] > git config --get commit.template [1ms]
[2022-04-08T10:13:10.555Z] > git ls-files --stage -- /home/mxviii/github/alis/alis-packages.conf [1ms]
[2022-04-08T10:13:10.560Z] > git cat-file -s edb668e8162cc175a3a03b09d717478cf4d7f24f [1ms]
