[2022-04-05T19:28:10.833Z] Validating found git in: git
[2022-04-05T19:28:10.854Z] Using git 2.35.1 from git
[2022-04-05T19:28:10.886Z] > git rev-parse --git-dir [2ms]
[2022-04-05T19:28:10.891Z] Open repository: /home/mxviii/github/alis
[2022-04-05T19:28:10.916Z] > git symbolic-ref --short HEAD [7ms]
[2022-04-05T19:28:10.939Z] > git rev-parse --git-dir [23ms]
[2022-04-05T19:28:10.942Z] Open repository: /home/mxviii/github/1password
[2022-04-05T19:28:10.960Z] > git for-each-ref --format=%(refname)%00%(upstream:short)%00%(objectname)%00%(upstream:track) refs/heads/master refs/remotes/master [36ms]
[2022-04-05T19:28:10.973Z] > git remote --verbose [3ms]
[2022-04-05T19:28:10.975Z] > git for-each-ref --sort -committerdate --format %(refname) %(objectname) %(*objectname) [9ms]
[2022-04-05T19:28:10.977Z] > git symbolic-ref --short HEAD [17ms]
[2022-04-05T19:28:11.013Z] > git for-each-ref --format=%(refname)%00%(upstream:short)%00%(objectname)%00%(upstream:track) refs/heads/master refs/remotes/master [30ms]
[2022-04-05T19:28:11.025Z] > git for-each-ref --sort -committerdate --format %(refname) %(objectname) %(*objectname) [7ms]
[2022-04-05T19:28:11.026Z] > git config --get commit.template [28ms]
[2022-04-05T19:28:11.027Z] > git rev-parse --git-dir [35ms]
[2022-04-05T19:28:11.029Z] Open repository: /home/mxviii/github/ArchI0
[2022-04-05T19:28:11.049Z] > git remote --verbose [26ms]
[2022-04-05T19:28:11.057Z] > git symbolic-ref --short HEAD [8ms]
[2022-04-05T19:28:11.071Z] > git for-each-ref --format=%(refname)%00%(upstream:short)%00%(objectname)%00%(upstream:track) refs/heads/master refs/remotes/master [7ms]
[2022-04-05T19:28:11.082Z] > git config --get commit.template [26ms]
[2022-04-05T19:28:11.084Z] > git remote --verbose [3ms]
[2022-04-05T19:28:11.084Z] > git for-each-ref --sort -committerdate --format %(refname) %(objectname) %(*objectname) [7ms]
[2022-04-05T19:28:11.087Z] > git rev-parse --git-dir [17ms]
[2022-04-05T19:28:11.089Z] Open repository: /home/mxviii/github/ArchMatic-improved
[2022-04-05T19:28:11.120Z] > git config --get commit.template [12ms]
[2022-04-05T19:28:11.144Z] > git rev-parse --git-dir [15ms]
[2022-04-05T19:28:11.146Z] Open repository: /home/mxviii/github/ArchTitus
[2022-04-05T19:28:11.161Z] > git symbolic-ref --short HEAD [47ms]
[2022-04-05T19:28:11.183Z] > git symbolic-ref --short HEAD [8ms]
[2022-04-05T19:28:11.187Z] > git for-each-ref --format=%(refname)%00%(upstream:short)%00%(objectname)%00%(upstream:track) refs/heads/master refs/remotes/master [21ms]
[2022-04-05T19:28:11.198Z] > git remote --verbose [2ms]
[2022-04-05T19:28:11.198Z] > git for-each-ref --sort -committerdate --format %(refname) %(objectname) %(*objectname) [6ms]
[2022-04-05T19:28:11.200Z] > git for-each-ref --format=%(refname)%00%(upstream:short)%00%(objectname)%00%(upstream:track) refs/heads/main refs/remotes/main [13ms]
[2022-04-05T19:28:11.211Z] > git rev-parse --git-dir [30ms]
[2022-04-05T19:28:11.214Z] Open repository: /home/mxviii/github/LARBS
[2022-04-05T19:28:11.238Z] > git remote --verbose [27ms]
[2022-04-05T19:28:11.238Z] > git for-each-ref --sort -committerdate --format %(refname) %(objectname) %(*objectname) [34ms]
[2022-04-05T19:28:11.300Z] > git symbolic-ref --short HEAD [62ms]
[2022-04-05T19:28:11.304Z] > git config --get commit.template [74ms]
[2022-04-05T19:28:11.313Z] > git rev-parse --git-dir [4ms]
[2022-04-05T19:28:11.315Z] Open repository: /home/mxviii/github/aa-builder
[2022-04-05T19:28:11.323Z] > git for-each-ref --format=%(refname)%00%(upstream:short)%00%(objectname)%00%(upstream:track) refs/heads/master refs/remotes/master [19ms]
[2022-04-05T19:28:11.332Z] > git config --get commit.template [44ms]
[2022-04-05T19:28:11.341Z] > git remote --verbose [10ms]
[2022-04-05T19:28:11.341Z] > git for-each-ref --sort -committerdate --format %(refname) %(objectname) %(*objectname) [14ms]
[2022-04-05T19:28:11.351Z] > git symbolic-ref --short HEAD [10ms]
[2022-04-05T19:28:11.357Z] > git config --get commit.template [7ms]
[2022-04-05T19:28:11.357Z] > git rev-parse --git-dir [11ms]
[2022-04-05T19:28:11.359Z] Open repository: /home/mxviii/github/alis-arco
[2022-04-05T19:28:11.374Z] > git for-each-ref --format=%(refname)%00%(upstream:short)%00%(objectname)%00%(upstream:track) refs/heads/main refs/remotes/main [20ms]
[2022-04-05T19:28:11.385Z] > git for-each-ref --sort -committerdate --format %(refname) %(objectname) %(*objectname) [6ms]
[2022-04-05T19:28:11.385Z] > git symbolic-ref --short HEAD [12ms]
[2022-04-05T19:28:11.396Z] > git for-each-ref --format=%(refname)%00%(upstream:short)%00%(objectname)%00%(upstream:track) refs/heads/main refs/remotes/main [7ms]
[2022-04-05T19:28:11.404Z] > git remote --verbose [20ms]
[2022-04-05T19:28:11.413Z] > git remote --verbose [9ms]
[2022-04-05T19:28:11.414Z] > git for-each-ref --sort -committerdate --format %(refname) %(objectname) %(*objectname) [14ms]
[2022-04-05T19:28:11.415Z] > git rev-parse --git-dir [21ms]
[2022-04-05T19:28:11.417Z] Open repository: /home/mxviii/github/archer
[2022-04-05T19:28:11.442Z] > git config --get commit.template [29ms]
[2022-04-05T19:28:11.449Z] > git symbolic-ref --short HEAD [11ms]
[2022-04-05T19:28:11.453Z] > git config --get commit.template [20ms]
[2022-04-05T19:28:11.456Z] > git rev-parse --git-dir [7ms]
[2022-04-05T19:28:11.458Z] Open repository: /home/mxviii/github/arco-plasma
[2022-04-05T19:28:11.479Z] > git for-each-ref --format=%(refname)%00%(upstream:short)%00%(objectname)%00%(upstream:track) refs/heads/master refs/remotes/master [26ms]
[2022-04-05T19:28:11.489Z] > git for-each-ref --sort -committerdate --format %(refname) %(objectname) %(*objectname) [6ms]
[2022-04-05T19:28:11.489Z] > git rev-parse --git-dir [10ms]
[2022-04-05T19:28:11.490Z] Open repository: /home/mxviii/github/arcolinux-nemesis
[2022-04-05T19:28:11.498Z] > git symbolic-ref --short HEAD [24ms]
[2022-04-05T19:28:11.506Z] > git remote --verbose [20ms]
[2022-04-05T19:28:11.524Z] > git for-each-ref --format=%(refname)%00%(upstream:short)%00%(objectname)%00%(upstream:track) refs/heads/master refs/remotes/master [23ms]
[2022-04-05T19:28:11.539Z] > git remote --verbose [6ms]
[2022-04-05T19:28:11.540Z] > git for-each-ref --sort -committerdate --format %(refname) %(objectname) %(*objectname) [12ms]
[2022-04-05T19:28:11.542Z] > git symbolic-ref --short HEAD [24ms]
[2022-04-05T19:28:11.547Z] > git config --get commit.template [34ms]
[2022-04-05T19:28:11.552Z] > git for-each-ref --format=%(refname)%00%(upstream:short)%00%(objectname)%00%(upstream:track) refs/heads/master refs/remotes/master [5ms]
[2022-04-05T19:28:11.564Z] > git remote --verbose [6ms]
[2022-04-05T19:28:11.564Z] > git for-each-ref --sort -committerdate --format %(refname) %(objectname) %(*objectname) [9ms]
[2022-04-05T19:28:11.566Z] > git config --get commit.template [15ms]
[2022-04-05T19:28:11.571Z] > git config --get commit.template [1ms]
[2022-04-05T19:28:11.806Z] > git ls-files --stage -- /home/mxviii/github/alis/alis-packages.conf [1ms]
[2022-04-05T19:28:11.811Z] > git cat-file -s 4030f3551f6bf8b404e03d2a3d0644c162e0d4f9 [1ms]
[2022-04-05T20:04:18.497Z] > git ls-files --stage -- /home/mxviii/github/alis/alis.conf [1ms]
[2022-04-05T20:04:18.502Z] > git cat-file -s b8bb7edefbfdedcabe174dc7c3514250b5f28ab7 [1ms]
[2022-04-05T20:05:42.185Z] > git symbolic-ref --short HEAD [2ms]
[2022-04-05T20:05:42.189Z] > git for-each-ref --format=%(refname)%00%(upstream:short)%00%(objectname)%00%(upstream:track) refs/heads/master refs/remotes/master [1ms]
[2022-04-05T20:05:42.195Z] > git for-each-ref --sort -committerdate --format %(refname) %(objectname) %(*objectname) [3ms]
[2022-04-05T20:05:42.196Z] > git remote --verbose [2ms]
[2022-04-05T20:05:42.201Z] > git config --get commit.template [1ms]
[2022-04-05T20:06:01.447Z] > git ls-files --stage -- /home/mxviii/github/alis/alis-packages.conf [2ms]
[2022-04-05T20:06:01.451Z] > git cat-file -s 4030f3551f6bf8b404e03d2a3d0644c162e0d4f9 [1ms]
[2022-04-05T20:08:58.771Z] > git ls-files --stage -- /home/mxviii/github/alis/alis.sh [1ms]
[2022-04-05T20:08:58.777Z] > git cat-file -s 49df26f98e6a33f7d23b734f92594744a70ebb16 [1ms]
[2022-04-05T20:13:51.879Z] > git symbolic-ref --short HEAD [1ms]
[2022-04-05T20:13:51.884Z] > git for-each-ref --format=%(refname)%00%(upstream:short)%00%(objectname)%00%(upstream:track) refs/heads/master refs/remotes/master [2ms]
[2022-04-05T20:13:51.891Z] > git for-each-ref --sort -committerdate --format %(refname) %(objectname) %(*objectname) [4ms]
[2022-04-05T20:13:51.892Z] > git remote --verbose [1ms]
[2022-04-05T20:13:51.897Z] > git config --get commit.template [1ms]
[2022-04-05T20:14:10.550Z] > git symbolic-ref --short HEAD [3ms]
[2022-04-05T20:14:10.562Z] > git for-each-ref --format=%(refname)%00%(upstream:short)%00%(objectname)%00%(upstream:track) refs/heads/master refs/remotes/master [4ms]
[2022-04-05T20:14:10.577Z] > git for-each-ref --sort -committerdate --format %(refname) %(objectname) %(*objectname) [8ms]
[2022-04-05T20:14:10.578Z] > git remote --verbose [2ms]
[2022-04-05T20:14:10.586Z] > git config --get commit.template [1ms]
[2022-04-05T20:14:30.263Z] > git ls-files --stage -- /home/mxviii/github/alis/alis.conf [1ms]
[2022-04-05T20:14:30.267Z] > git cat-file -s b8bb7edefbfdedcabe174dc7c3514250b5f28ab7 [1ms]
