[2022-04-05T09:20:33.339Z] Validating found git in: git
[2022-04-05T09:20:33.362Z] Using git 2.35.1 from git
[2022-04-05T09:20:33.448Z] > git rev-parse --git-dir [1ms]
[2022-04-05T09:20:33.457Z] Open repository: /home/mxviii/github/1password
[2022-04-05T09:20:33.492Z] > git symbolic-ref --short HEAD [12ms]
[2022-04-05T09:20:33.500Z] > git rev-parse --git-dir [9ms]
[2022-04-05T09:20:33.503Z] Open repository: /home/mxviii/github/ArchI0
[2022-04-05T09:20:33.524Z] > git for-each-ref --format=%(refname)%00%(upstream:short)%00%(objectname)%00%(upstream:track) refs/heads/master refs/remotes/master [26ms]
[2022-04-05T09:20:33.539Z] > git remote --verbose [5ms]
[2022-04-05T09:20:33.540Z] > git for-each-ref --sort -committerdate --format %(refname) %(objectname) %(*objectname) [11ms]
[2022-04-05T09:20:33.543Z] > git symbolic-ref --short HEAD [18ms]
[2022-04-05T09:20:33.561Z] > git rev-parse --git-dir [8ms]
[2022-04-05T09:20:33.564Z] Open repository: /home/mxviii/github/ArchMatic-improved
[2022-04-05T09:20:33.578Z] > git for-each-ref --format=%(refname)%00%(upstream:short)%00%(objectname)%00%(upstream:track) refs/heads/master refs/remotes/master [29ms]
[2022-04-05T09:20:33.597Z] > git for-each-ref --sort -committerdate --format %(refname) %(objectname) %(*objectname) [12ms]
[2022-04-05T09:20:33.603Z] > git config --get commit.template [43ms]
[2022-04-05T09:20:33.607Z] > git rev-parse --git-dir [5ms]
[2022-04-05T09:20:33.609Z] Open repository: /home/mxviii/github/ArchTitus
[2022-04-05T09:20:33.624Z] > git symbolic-ref --short HEAD [27ms]
[2022-04-05T09:20:33.629Z] > git remote --verbose [40ms]
[2022-04-05T09:20:33.648Z] > git for-each-ref --format=%(refname)%00%(upstream:short)%00%(objectname)%00%(upstream:track) refs/heads/master refs/remotes/master [20ms]
[2022-04-05T09:20:33.671Z] > git remote --verbose [11ms]
[2022-04-05T09:20:33.672Z] > git for-each-ref --sort -committerdate --format %(refname) %(objectname) %(*objectname) [18ms]
[2022-04-05T09:20:33.676Z] > git symbolic-ref --short HEAD [28ms]
[2022-04-05T09:20:33.682Z] > git config --get commit.template [42ms]
[2022-04-05T09:20:33.690Z] > git for-each-ref --format=%(refname)%00%(upstream:short)%00%(objectname)%00%(upstream:track) refs/heads/main refs/remotes/main [8ms]
[2022-04-05T09:20:33.702Z] > git rev-parse --git-dir [36ms]
[2022-04-05T09:20:33.705Z] Open repository: /home/mxviii/github/LARBS
[2022-04-05T09:20:33.720Z] > git remote --verbose [19ms]
[2022-04-05T09:20:33.720Z] > git for-each-ref --sort -committerdate --format %(refname) %(objectname) %(*objectname) [24ms]
[2022-04-05T09:20:33.726Z] > git config --get commit.template [37ms]
[2022-04-05T09:20:33.752Z] > git rev-parse --git-dir [8ms]
[2022-04-05T09:20:33.755Z] Open repository: /home/mxviii/github/aa-builder
[2022-04-05T09:20:33.766Z] > git symbolic-ref --short HEAD [27ms]
[2022-04-05T09:20:33.771Z] > git config --get commit.template [41ms]
[2022-04-05T09:20:33.790Z] > git rev-parse --git-dir [5ms]
[2022-04-05T09:20:33.793Z] Open repository: /home/mxviii/github/alis
[2022-04-05T09:20:33.806Z] > git symbolic-ref --short HEAD [29ms]
[2022-04-05T09:20:33.812Z] > git for-each-ref --format=%(refname)%00%(upstream:short)%00%(objectname)%00%(upstream:track) refs/heads/master refs/remotes/master [41ms]
[2022-04-05T09:20:33.876Z] > git remote --verbose [53ms]
[2022-04-05T09:20:33.876Z] > git for-each-ref --sort -committerdate --format %(refname) %(objectname) %(*objectname) [58ms]
[2022-04-05T09:20:33.880Z] > git for-each-ref --format=%(refname)%00%(upstream:short)%00%(objectname)%00%(upstream:track) refs/heads/main refs/remotes/main [68ms]
[2022-04-05T09:20:33.907Z] > git remote --verbose [17ms]
[2022-04-05T09:20:33.907Z] > git for-each-ref --sort -committerdate --format %(refname) %(objectname) %(*objectname) [22ms]
[2022-04-05T09:20:33.910Z] > git symbolic-ref --short HEAD [35ms]
[2022-04-05T09:20:33.926Z] > git config --get commit.template [20ms]
[2022-04-05T09:20:33.927Z] > git rev-parse --git-dir [29ms]
[2022-04-05T09:20:33.931Z] Open repository: /home/mxviii/github/alis-arco
[2022-04-05T09:20:33.959Z] > git config --get commit.template [35ms]
[2022-04-05T09:20:33.961Z] > git for-each-ref --format=%(refname)%00%(upstream:short)%00%(objectname)%00%(upstream:track) refs/heads/master refs/remotes/master [44ms]
[2022-04-05T09:20:33.993Z] > git remote --verbose [11ms]
[2022-04-05T09:20:33.993Z] > git for-each-ref --sort -committerdate --format %(refname) %(objectname) %(*objectname) [22ms]
[2022-04-05T09:20:33.997Z] > git symbolic-ref --short HEAD [38ms]
[2022-04-05T09:20:34.026Z] > git rev-parse --git-dir [16ms]
[2022-04-05T09:20:34.036Z] Open repository: /home/mxviii/github/archer
[2022-04-05T09:20:34.057Z] > git for-each-ref --format=%(refname)%00%(upstream:short)%00%(objectname)%00%(upstream:track) refs/heads/main refs/remotes/main [54ms]
[2022-04-05T09:20:34.088Z] > git for-each-ref --sort -committerdate --format %(refname) %(objectname) %(*objectname) [23ms]
[2022-04-05T09:20:34.098Z] > git config --get commit.template [74ms]
[2022-04-05T09:20:34.110Z] > git symbolic-ref --short HEAD [23ms]
[2022-04-05T09:20:34.118Z] > git remote --verbose [44ms]
[2022-04-05T09:20:34.135Z] > git for-each-ref --format=%(refname)%00%(upstream:short)%00%(objectname)%00%(upstream:track) refs/heads/master refs/remotes/master [18ms]
[2022-04-05T09:20:34.150Z] > git rev-parse --git-dir [41ms]
[2022-04-05T09:20:34.153Z] Open repository: /home/mxviii/github/arco-plasma
[2022-04-05T09:20:34.175Z] > git remote --verbose [26ms]
[2022-04-05T09:20:34.176Z] > git for-each-ref --sort -committerdate --format %(refname) %(objectname) %(*objectname) [33ms]
[2022-04-05T09:20:34.180Z] > git config --get commit.template [46ms]
[2022-04-05T09:20:34.187Z] > git symbolic-ref --short HEAD [12ms]
[2022-04-05T09:20:34.207Z] > git for-each-ref --format=%(refname)%00%(upstream:short)%00%(objectname)%00%(upstream:track) refs/heads/master refs/remotes/master [12ms]
[2022-04-05T09:20:34.224Z] > git config --get commit.template [38ms]
[2022-04-05T09:20:34.228Z] > git remote --verbose [5ms]
[2022-04-05T09:20:34.228Z] > git for-each-ref --sort -committerdate --format %(refname) %(objectname) %(*objectname) [14ms]
[2022-04-05T09:20:34.231Z] > git rev-parse --git-dir [27ms]
[2022-04-05T09:20:34.233Z] Open repository: /home/mxviii/github/arcolinux-nemesis
[2022-04-05T09:20:34.259Z] > git config --get commit.template [7ms]
[2022-04-05T09:20:34.321Z] > git symbolic-ref --short HEAD [3ms]
[2022-04-05T09:20:34.331Z] > git for-each-ref --format=%(refname)%00%(upstream:short)%00%(objectname)%00%(upstream:track) refs/heads/master refs/remotes/master [3ms]
[2022-04-05T09:20:34.344Z] > git for-each-ref --sort -committerdate --format %(refname) %(objectname) %(*objectname) [8ms]
[2022-04-05T09:20:34.346Z] > git remote --verbose [4ms]
[2022-04-05T09:20:34.359Z] > git config --get commit.template [2ms]
[2022-04-05T10:20:50.725Z] > git log --oneline --cherry master...master@{upstream} -- [3ms]
[2022-04-05T10:20:51.217Z] > git pull --tags origin master [486ms]
[2022-04-05T10:20:51.217Z] From https://github.com/SudoSwole/alis
 * branch            master     -> FETCH_HEAD
   f1663d4..4dcce68  master     -> origin/master
[2022-04-05T10:20:51.230Z] > git symbolic-ref --short HEAD [2ms]
[2022-04-05T10:20:51.235Z] > git for-each-ref --format=%(refname)%00%(upstream:short)%00%(objectname)%00%(upstream:track) refs/heads/master refs/remotes/master [1ms]
[2022-04-05T10:20:51.242Z] > git for-each-ref --sort -committerdate --format %(refname) %(objectname) %(*objectname) [4ms]
[2022-04-05T10:20:51.242Z] > git remote --verbose [1ms]
[2022-04-05T10:20:51.248Z] > git config --get commit.template [1ms]
[2022-04-05T10:20:52.382Z] > git symbolic-ref --short HEAD [1ms]
[2022-04-05T10:20:52.386Z] > git for-each-ref --format=%(refname)%00%(upstream:short)%00%(objectname)%00%(upstream:track) refs/heads/master refs/remotes/master [1ms]
[2022-04-05T10:20:52.393Z] > git for-each-ref --sort -committerdate --format %(refname) %(objectname) %(*objectname) [4ms]
[2022-04-05T10:20:52.393Z] > git remote --verbose [1ms]
[2022-04-05T10:20:52.399Z] > git config --get commit.template [2ms]
[2022-04-05T10:21:14.439Z] > git ls-files --stage -- /home/mxviii/github/alis/alis.sh [2ms]
[2022-04-05T10:21:14.443Z] > git cat-file -s 49df26f98e6a33f7d23b734f92594744a70ebb16 [1ms]
[2022-04-05T10:21:46.196Z] > git ls-files --stage -- /home/mxviii/github/alis/alis-packages.conf [1ms]
[2022-04-05T10:21:46.200Z] > git cat-file -s 4030f3551f6bf8b404e03d2a3d0644c162e0d4f9 [1ms]
