[2022-04-07T08:58:03.797Z] Validating found git in: git
[2022-04-07T08:58:03.818Z] Using git 2.35.1 from git
[2022-04-07T08:58:03.849Z] > git rev-parse --git-dir [1ms]
[2022-04-07T08:58:03.851Z] Open repository: /home/mxviii/github/1password
[2022-04-07T08:58:03.868Z] > git symbolic-ref --short HEAD [5ms]
[2022-04-07T08:58:03.873Z] > git rev-parse --git-dir [6ms]
[2022-04-07T08:58:03.875Z] Open repository: /home/mxviii/github/ArchI0
[2022-04-07T08:58:03.910Z] > git for-each-ref --format=%(refname)%00%(upstream:short)%00%(objectname)%00%(upstream:track) refs/heads/master refs/remotes/master [38ms]
[2022-04-07T08:58:03.925Z] > git remote --verbose [7ms]
[2022-04-07T08:58:03.925Z] > git for-each-ref --sort -committerdate --format %(refname) %(objectname) %(*objectname) [12ms]
[2022-04-07T08:58:03.927Z] > git symbolic-ref --short HEAD [18ms]
[2022-04-07T08:58:03.938Z] > git for-each-ref --format=%(refname)%00%(upstream:short)%00%(objectname)%00%(upstream:track) refs/heads/master refs/remotes/master [7ms]
[2022-04-07T08:58:03.945Z] > git for-each-ref --sort -committerdate --format %(refname) %(objectname) %(*objectname) [3ms]
[2022-04-07T08:58:03.945Z] > git config --get commit.template [7ms]
[2022-04-07T08:58:03.946Z] > git rev-parse --git-dir [12ms]
[2022-04-07T08:58:03.948Z] Open repository: /home/mxviii/github/ArchMatic-improved
[2022-04-07T08:58:03.960Z] > git remote --verbose [16ms]
[2022-04-07T08:58:03.967Z] > git symbolic-ref --short HEAD [7ms]
[2022-04-07T08:58:03.992Z] > git rev-parse --git-dir [16ms]
[2022-04-07T08:58:03.996Z] Open repository: /home/mxviii/github/ArchTitus
[2022-04-07T08:58:04.005Z] > git for-each-ref --format=%(refname)%00%(upstream:short)%00%(objectname)%00%(upstream:track) refs/heads/master refs/remotes/master [35ms]
[2022-04-07T08:58:04.015Z] > git config --get commit.template [49ms]
[2022-04-07T08:58:04.019Z] > git remote --verbose [4ms]
[2022-04-07T08:58:04.019Z] > git for-each-ref --sort -committerdate --format %(refname) %(objectname) %(*objectname) [8ms]
[2022-04-07T08:58:04.035Z] > git config --get commit.template [6ms]
[2022-04-07T08:58:04.036Z] > git rev-parse --git-dir [11ms]
[2022-04-07T08:58:04.038Z] Open repository: /home/mxviii/github/LARBS
[2022-04-07T08:58:04.047Z] > git symbolic-ref --short HEAD [15ms]
[2022-04-07T08:58:04.061Z] > git for-each-ref --format=%(refname)%00%(upstream:short)%00%(objectname)%00%(upstream:track) refs/heads/main refs/remotes/main [10ms]
[2022-04-07T08:58:04.075Z] > git remote --verbose [8ms]
[2022-04-07T08:58:04.075Z] > git for-each-ref --sort -committerdate --format %(refname) %(objectname) %(*objectname) [10ms]
[2022-04-07T08:58:04.078Z] > git symbolic-ref --short HEAD [17ms]
[2022-04-07T08:58:04.085Z] > git rev-parse --git-dir [13ms]
[2022-04-07T08:58:04.086Z] Open repository: /home/mxviii/github/aa-builder
[2022-04-07T08:58:04.135Z] > git config --get commit.template [51ms]
[2022-04-07T08:58:04.136Z] > git for-each-ref --format=%(refname)%00%(upstream:short)%00%(objectname)%00%(upstream:track) refs/heads/master refs/remotes/master [55ms]
[2022-04-07T08:58:04.143Z] > git remote --verbose [2ms]
[2022-04-07T08:58:04.143Z] > git for-each-ref --sort -committerdate --format %(refname) %(objectname) %(*objectname) [4ms]
[2022-04-07T08:58:04.144Z] > git rev-parse --git-dir [9ms]
[2022-04-07T08:58:04.146Z] Open repository: /home/mxviii/github/alis
[2022-04-07T08:58:04.155Z] > git symbolic-ref --short HEAD [23ms]
[2022-04-07T08:58:04.175Z] > git symbolic-ref --short HEAD [6ms]
[2022-04-07T08:58:04.180Z] > git config --get commit.template [18ms]
[2022-04-07T08:58:04.182Z] > git for-each-ref --format=%(refname)%00%(upstream:short)%00%(objectname)%00%(upstream:track) refs/heads/main refs/remotes/main [24ms]
[2022-04-07T08:58:04.192Z] > git remote --verbose [3ms]
[2022-04-07T08:58:04.192Z] > git for-each-ref --sort -committerdate --format %(refname) %(objectname) %(*objectname) [6ms]
[2022-04-07T08:58:04.194Z] > git for-each-ref --format=%(refname)%00%(upstream:short)%00%(objectname)%00%(upstream:track) refs/heads/master refs/remotes/master [14ms]
[2022-04-07T08:58:04.203Z] > git rev-parse --git-dir [29ms]
[2022-04-07T08:58:04.205Z] Open repository: /home/mxviii/github/alis-arco
[2022-04-07T08:58:04.224Z] > git remote --verbose [22ms]
[2022-04-07T08:58:04.225Z] > git for-each-ref --sort -committerdate --format %(refname) %(objectname) %(*objectname) [27ms]
[2022-04-07T08:58:04.234Z] > git symbolic-ref --short HEAD [10ms]
[2022-04-07T08:58:04.239Z] > git config --get commit.template [22ms]
[2022-04-07T08:58:04.248Z] > git rev-parse --git-dir [4ms]
[2022-04-07T08:58:04.251Z] Open repository: /home/mxviii/github/archer
[2022-04-07T08:58:04.262Z] > git for-each-ref --format=%(refname)%00%(upstream:short)%00%(objectname)%00%(upstream:track) refs/heads/main refs/remotes/main [24ms]
[2022-04-07T08:58:04.272Z] > git config --get commit.template [39ms]
[2022-04-07T08:58:04.281Z] > git remote --verbose [10ms]
[2022-04-07T08:58:04.281Z] > git for-each-ref --sort -committerdate --format %(refname) %(objectname) %(*objectname) [14ms]
[2022-04-07T08:58:04.293Z] > git symbolic-ref --short HEAD [13ms]
[2022-04-07T08:58:04.305Z] > git for-each-ref --format=%(refname)%00%(upstream:short)%00%(objectname)%00%(upstream:track) refs/heads/master refs/remotes/master [6ms]
[2022-04-07T08:58:04.314Z] > git config --get commit.template [22ms]
[2022-04-07T08:58:04.320Z] > git rev-parse --git-dir [2ms]
[2022-04-07T08:58:04.323Z] Open repository: /home/mxviii/github/arco-plasma
[2022-04-07T08:58:04.333Z] > git remote --verbose [19ms]
[2022-04-07T08:58:04.333Z] > git for-each-ref --sort -committerdate --format %(refname) %(objectname) %(*objectname) [23ms]
[2022-04-07T08:58:04.347Z] > git symbolic-ref --short HEAD [6ms]
[2022-04-07T08:58:04.350Z] > git config --get commit.template [12ms]
[2022-04-07T08:58:04.352Z] > git for-each-ref --format=%(refname)%00%(upstream:short)%00%(objectname)%00%(upstream:track) refs/heads/master refs/remotes/master [2ms]
[2022-04-07T08:58:04.361Z] > git rev-parse --git-dir [16ms]
[2022-04-07T08:58:04.362Z] Open repository: /home/mxviii/github/arcolinux-nemesis
[2022-04-07T08:58:04.370Z] > git remote --verbose [10ms]
[2022-04-07T08:58:04.370Z] > git for-each-ref --sort -committerdate --format %(refname) %(objectname) %(*objectname) [14ms]
[2022-04-07T08:58:04.380Z] > git config --get commit.template [5ms]
[2022-04-07T08:58:04.417Z] > git symbolic-ref --short HEAD [1ms]
[2022-04-07T08:58:04.425Z] > git for-each-ref --format=%(refname)%00%(upstream:short)%00%(objectname)%00%(upstream:track) refs/heads/master refs/remotes/master [4ms]
[2022-04-07T08:58:04.432Z] > git for-each-ref --sort -committerdate --format %(refname) %(objectname) %(*objectname) [4ms]
[2022-04-07T08:58:04.432Z] > git remote --verbose [1ms]
[2022-04-07T08:58:04.437Z] > git config --get commit.template [1ms]
[2022-04-07T08:58:18.790Z] > git ls-tree -l HEAD -- /home/mxviii/github/alis/alis.sh [2ms]
[2022-04-07T08:58:35.599Z] > git ls-tree -l HEAD -- /home/mxviii/github/alis/alis.conf [3ms]
[2022-04-07T08:58:56.577Z] > git ls-tree -l HEAD -- /home/mxviii/github/alis/alis.sh [2ms]
[2022-04-07T08:59:03.960Z] > git log --format=%H%n%aN%n%aE%n%at%n%ct%n%P%n%B -z -n21 -- /home/mxviii/github/alis/alis.sh [5ms]
[2022-04-07T08:59:04.138Z] > git ls-files --stage -- /home/mxviii/github/alis/alis.sh [1ms]
[2022-04-07T08:59:04.143Z] > git cat-file -s 49df26f98e6a33f7d23b734f92594744a70ebb16 [1ms]
[2022-04-07T09:00:19.286Z] > git symbolic-ref --short HEAD [1ms]
[2022-04-07T09:00:19.290Z] > git for-each-ref --format=%(refname)%00%(upstream:short)%00%(objectname)%00%(upstream:track) refs/heads/master refs/remotes/master [1ms]
[2022-04-07T09:00:19.296Z] > git remote --verbose [1ms]
[2022-04-07T09:00:19.296Z] > git for-each-ref --sort -committerdate --format %(refname) %(objectname) %(*objectname) [4ms]
[2022-04-07T09:00:19.303Z] > git config --get commit.template [1ms]
[2022-04-07T09:01:31.712Z] > git ls-tree -l HEAD -- /home/mxviii/github/alis/alis.conf [1ms]
[2022-04-07T09:01:44.847Z] > git log --format=%H%n%aN%n%aE%n%at%n%ct%n%P%n%B -z -n21 -- /home/mxviii/github/alis/alis.conf [5ms]
[2022-04-07T09:01:45.048Z] > git ls-files --stage -- /home/mxviii/github/alis/alis.conf [2ms]
[2022-04-07T09:01:45.054Z] > git cat-file -s b8bb7edefbfdedcabe174dc7c3514250b5f28ab7 [0ms]
[2022-04-07T09:03:19.313Z] > git add -A -- /home/mxviii/github/alis/alis.conf /home/mxviii/github/alis/alis.sh [5ms]
[2022-04-07T09:03:19.326Z] > git symbolic-ref --short HEAD [1ms]
[2022-04-07T09:03:19.332Z] > git for-each-ref --format=%(refname)%00%(upstream:short)%00%(objectname)%00%(upstream:track) refs/heads/master refs/remotes/master [2ms]
[2022-04-07T09:03:19.340Z] > git for-each-ref --sort -committerdate --format %(refname) %(objectname) %(*objectname) [5ms]
[2022-04-07T09:03:19.340Z] > git remote --verbose [2ms]
[2022-04-07T09:03:19.347Z] > git config --get commit.template [1ms]
[2022-04-07T09:03:20.421Z] > git symbolic-ref --short HEAD [4ms]
[2022-04-07T09:03:20.433Z] > git for-each-ref --format=%(refname)%00%(upstream:short)%00%(objectname)%00%(upstream:track) refs/heads/master refs/remotes/master [4ms]
[2022-04-07T09:03:20.455Z] > git for-each-ref --sort -committerdate --format %(refname) %(objectname) %(*objectname) [13ms]
[2022-04-07T09:03:20.456Z] > git remote --verbose [3ms]
[2022-04-07T09:03:20.468Z] > git config --get commit.template [1ms]
[2022-04-07T09:03:20.505Z] > git ls-files --stage -- /home/mxviii/github/alis/alis.conf [1ms]
[2022-04-07T09:03:20.510Z] > git cat-file -s ec58f96e1af67335bf07f9d02fc6ef2acfd2cf1c [1ms]
[2022-04-07T09:04:17.177Z] > git -c user.useConfigOnly=true commit --quiet --allow-empty-message --file - [6ms]
[2022-04-07T09:04:17.190Z] > git symbolic-ref --short HEAD [2ms]
[2022-04-07T09:04:17.194Z] > git for-each-ref --format=%(refname)%00%(upstream:short)%00%(objectname)%00%(upstream:track) refs/heads/master refs/remotes/master [1ms]
[2022-04-07T09:04:17.203Z] > git for-each-ref --sort -committerdate --format %(refname) %(objectname) %(*objectname) [5ms]
[2022-04-07T09:04:17.203Z] > git remote --verbose [1ms]
[2022-04-07T09:04:17.210Z] > git config --get commit.template [1ms]
[2022-04-07T09:04:18.450Z] > git symbolic-ref --short HEAD [3ms]
[2022-04-07T09:04:18.462Z] > git for-each-ref --format=%(refname)%00%(upstream:short)%00%(objectname)%00%(upstream:track) refs/heads/master refs/remotes/master [4ms]
[2022-04-07T09:04:18.482Z] > git for-each-ref --sort -committerdate --format %(refname) %(objectname) %(*objectname) [10ms]
[2022-04-07T09:04:18.483Z] > git remote --verbose [3ms]
[2022-04-07T09:04:18.497Z] > git config --get commit.template [3ms]
[2022-04-07T09:04:18.540Z] > git ls-files --stage -- /home/mxviii/github/alis/alis.conf [2ms]
[2022-04-07T09:04:18.552Z] > git cat-file -s ec58f96e1af67335bf07f9d02fc6ef2acfd2cf1c [3ms]
[2022-04-07T09:04:32.490Z] > git log --oneline --cherry master...master@{upstream} -- [3ms]
[2022-04-07T09:04:32.855Z] > git pull --tags origin master [359ms]
[2022-04-07T09:04:32.855Z] From https://github.com/SudoSwole/alis
 * branch            master     -> FETCH_HEAD
[2022-04-07T09:04:35.581Z] > git ls-files --stage -- /home/mxviii/github/alis/alis.conf [2ms]
[2022-04-07T09:04:35.586Z] > git cat-file -s ec58f96e1af67335bf07f9d02fc6ef2acfd2cf1c [1ms]
[2022-04-07T09:04:55.837Z] > git push origin master:master [22978ms]
[2022-04-07T09:04:55.837Z] To https://github.com/SudoSwole/alis
   4dcce68..5f4545e  master -> master
[2022-04-07T09:04:55.863Z] > git symbolic-ref --short HEAD [2ms]
[2022-04-07T09:04:55.869Z] > git for-each-ref --format=%(refname)%00%(upstream:short)%00%(objectname)%00%(upstream:track) refs/heads/master refs/remotes/master [1ms]
[2022-04-07T09:04:55.878Z] > git for-each-ref --sort -committerdate --format %(refname) %(objectname) %(*objectname) [5ms]
[2022-04-07T09:04:55.878Z] > git remote --verbose [2ms]
[2022-04-07T09:04:55.885Z] > git config --get commit.template [1ms]
[2022-04-07T09:04:57.037Z] > git symbolic-ref --short HEAD [1ms]
[2022-04-07T09:04:57.044Z] > git for-each-ref --format=%(refname)%00%(upstream:short)%00%(objectname)%00%(upstream:track) refs/heads/master refs/remotes/master [3ms]
[2022-04-07T09:04:57.054Z] > git for-each-ref --sort -committerdate --format %(refname) %(objectname) %(*objectname) [5ms]
[2022-04-07T09:04:57.055Z] > git remote --verbose [1ms]
[2022-04-07T09:04:57.062Z] > git config --get commit.template [1ms]
[2022-04-07T09:04:57.138Z] > git ls-files --stage -- /home/mxviii/github/alis/alis.conf [1ms]
[2022-04-07T09:04:57.146Z] > git cat-file -s ec58f96e1af67335bf07f9d02fc6ef2acfd2cf1c [2ms]
[2022-04-07T09:07:17.918Z] > git rev-list --count 336693722308e61f74d696517a0f21543077b046.. -- /home/mxviii/github/alis/alis.conf [4ms]
[2022-04-07T09:07:17.926Z] > git log --format=%H%n%aN%n%aE%n%at%n%ct%n%P%n%B -z -n22 -- /home/mxviii/github/alis/alis.conf [3ms]
[2022-04-07T09:07:32.081Z] > git ls-files --stage -- /home/mxviii/github/alis-arco/alis.conf [1ms]
[2022-04-07T09:07:32.087Z] > git cat-file -s 718786b0e31d093c665ae60f921bf2d556c49640 [2ms]
[2022-04-07T09:08:32.495Z] > git ls-files --stage -- /home/mxviii/github/alis/alis.conf [1ms]
[2022-04-07T09:08:32.501Z] > git cat-file -s ec58f96e1af67335bf07f9d02fc6ef2acfd2cf1c [1ms]
[2022-04-07T09:10:24.566Z] > git ls-files --stage -- /home/mxviii/github/alis-arco/alis.conf [3ms]
[2022-04-07T09:10:24.573Z] > git cat-file -s 718786b0e31d093c665ae60f921bf2d556c49640 [2ms]
[2022-04-07T09:10:30.158Z] > git ls-files --stage -- /home/mxviii/github/alis/alis.conf [1ms]
[2022-04-07T09:10:30.163Z] > git cat-file -s ec58f96e1af67335bf07f9d02fc6ef2acfd2cf1c [1ms]
[2022-04-07T09:30:10.418Z] > git ls-files --stage -- /home/mxviii/github/alis-arco/alis.conf [2ms]
[2022-04-07T09:30:10.423Z] > git cat-file -s 718786b0e31d093c665ae60f921bf2d556c49640 [2ms]
[2022-04-07T09:30:11.912Z] > git ls-files --stage -- /home/mxviii/github/alis/alis.sh [2ms]
[2022-04-07T09:30:11.917Z] > git cat-file -s 3a95bf29b15125978b97eb11802f1ed000a76419 [1ms]
