[2022-04-03T07:36:42.884Z] Validating found git in: git
[2022-04-03T07:36:42.902Z] Using git 2.35.1 from git
[2022-04-03T07:36:42.957Z] > git rev-parse --git-dir [1ms]
[2022-04-03T07:36:42.963Z] Open repository: /home/mxviii/github/1password
[2022-04-03T07:36:42.991Z] > git symbolic-ref --short HEAD [7ms]
[2022-04-03T07:36:42.995Z] > git rev-parse --git-dir [5ms]
[2022-04-03T07:36:42.997Z] Open repository: /home/mxviii/github/ArchI0
[2022-04-03T07:36:43.010Z] > git for-each-ref --format=%(refname)%00%(upstream:short)%00%(objectname)%00%(upstream:track) refs/heads/master refs/remotes/master [16ms]
[2022-04-03T07:36:43.021Z] > git remote --verbose [3ms]
[2022-04-03T07:36:43.022Z] > git for-each-ref --sort -committerdate --format %(refname) %(objectname) %(*objectname) [8ms]
[2022-04-03T07:36:43.025Z] > git symbolic-ref --short HEAD [15ms]
[2022-04-03T07:36:43.041Z] > git for-each-ref --format=%(refname)%00%(upstream:short)%00%(objectname)%00%(upstream:track) refs/heads/master refs/remotes/master [12ms]
[2022-04-03T07:36:43.047Z] > git for-each-ref --sort -committerdate --format %(refname) %(objectname) %(*objectname) [3ms]
[2022-04-03T07:36:43.048Z] > git config --get commit.template [9ms]
[2022-04-03T07:36:43.049Z] > git rev-parse --git-dir [16ms]
[2022-04-03T07:36:43.050Z] Open repository: /home/mxviii/github/ArchMatic-improved
[2022-04-03T07:36:43.063Z] > git remote --verbose [17ms]
[2022-04-03T07:36:43.069Z] > git symbolic-ref --short HEAD [6ms]
[2022-04-03T07:36:43.076Z] > git for-each-ref --format=%(refname)%00%(upstream:short)%00%(objectname)%00%(upstream:track) refs/heads/master refs/remotes/master [3ms]
[2022-04-03T07:36:43.081Z] > git config --get commit.template [12ms]
[2022-04-03T07:36:43.083Z] > git remote --verbose [2ms]
[2022-04-03T07:36:43.084Z] > git for-each-ref --sort -committerdate --format %(refname) %(objectname) %(*objectname) [5ms]
[2022-04-03T07:36:43.085Z] > git rev-parse --git-dir [10ms]
[2022-04-03T07:36:43.087Z] Open repository: /home/mxviii/github/ArchTitus
[2022-04-03T07:36:43.109Z] > git config --get commit.template [11ms]
[2022-04-03T07:36:43.113Z] > git symbolic-ref --short HEAD [4ms]
[2022-04-03T07:36:43.120Z] > git rev-parse --git-dir [7ms]
[2022-04-03T07:36:43.122Z] Open repository: /home/mxviii/github/LARBS
[2022-04-03T07:36:43.133Z] > git for-each-ref --format=%(refname)%00%(upstream:short)%00%(objectname)%00%(upstream:track) refs/heads/main refs/remotes/main [14ms]
[2022-04-03T07:36:43.141Z] > git for-each-ref --sort -committerdate --format %(refname) %(objectname) %(*objectname) [4ms]
[2022-04-03T07:36:43.141Z] > git symbolic-ref --short HEAD [8ms]
[2022-04-03T07:36:43.148Z] > git for-each-ref --format=%(refname)%00%(upstream:short)%00%(objectname)%00%(upstream:track) refs/heads/master refs/remotes/master [4ms]
[2022-04-03T07:36:43.156Z] > git remote --verbose [16ms]
[2022-04-03T07:36:43.169Z] > git remote --verbose [14ms]
[2022-04-03T07:36:43.169Z] > git for-each-ref --sort -committerdate --format %(refname) %(objectname) %(*objectname) [18ms]
[2022-04-03T07:36:43.172Z] > git rev-parse --git-dir [25ms]
[2022-04-03T07:36:43.174Z] Open repository: /home/mxviii/github/aa-builder
[2022-04-03T07:36:43.198Z] > git config --get commit.template [30ms]
[2022-04-03T07:36:43.233Z] > git symbolic-ref --short HEAD [35ms]
[2022-04-03T07:36:43.236Z] > git config --get commit.template [50ms]
[2022-04-03T07:36:43.243Z] > git rev-parse --git-dir [3ms]
[2022-04-03T07:36:43.244Z] Open repository: /home/mxviii/github/alis
[2022-04-03T07:36:43.250Z] > git for-each-ref --format=%(refname)%00%(upstream:short)%00%(objectname)%00%(upstream:track) refs/heads/main refs/remotes/main [14ms]
[2022-04-03T07:36:43.261Z] > git for-each-ref --sort -committerdate --format %(refname) %(objectname) %(*objectname) [7ms]
[2022-04-03T07:36:43.265Z] > git symbolic-ref --short HEAD [5ms]
[2022-04-03T07:36:43.268Z] > git remote --verbose [11ms]
[2022-04-03T07:36:43.277Z] > git for-each-ref --format=%(refname)%00%(upstream:short)%00%(objectname)%00%(upstream:track) refs/heads/master refs/remotes/master [9ms]
[2022-04-03T07:36:43.282Z] > git rev-parse --git-dir [18ms]
[2022-04-03T07:36:43.284Z] Open repository: /home/mxviii/github/alis-arco
[2022-04-03T07:36:43.303Z] > git remote --verbose [21ms]
[2022-04-03T07:36:43.303Z] > git for-each-ref --sort -committerdate --format %(refname) %(objectname) %(*objectname) [24ms]
[2022-04-03T07:36:43.305Z] > git config --get commit.template [29ms]
[2022-04-03T07:36:43.310Z] > git rev-parse --git-dir [8ms]
[2022-04-03T07:36:43.311Z] Open repository: /home/mxviii/github/archer
[2022-04-03T07:36:43.317Z] > git symbolic-ref --short HEAD [19ms]
[2022-04-03T07:36:43.334Z] > git config --get commit.template [25ms]
[2022-04-03T07:36:43.340Z] > git symbolic-ref --short HEAD [12ms]
[2022-04-03T07:36:43.345Z] > git for-each-ref --format=%(refname)%00%(upstream:short)%00%(objectname)%00%(upstream:track) refs/heads/main refs/remotes/main [24ms]
[2022-04-03T07:36:43.359Z] > git remote --verbose [6ms]
[2022-04-03T07:36:43.360Z] > git for-each-ref --sort -committerdate --format %(refname) %(objectname) %(*objectname) [11ms]
[2022-04-03T07:36:43.361Z] > git for-each-ref --format=%(refname)%00%(upstream:short)%00%(objectname)%00%(upstream:track) refs/heads/master refs/remotes/master [16ms]
[2022-04-03T07:36:43.369Z] > git rev-parse --git-dir [29ms]
[2022-04-03T07:36:43.371Z] Open repository: /home/mxviii/github/arco-plasma
[2022-04-03T07:36:43.386Z] > git remote --verbose [17ms]
[2022-04-03T07:36:43.386Z] > git for-each-ref --sort -committerdate --format %(refname) %(objectname) %(*objectname) [21ms]
[2022-04-03T07:36:43.394Z] > git symbolic-ref --short HEAD [8ms]
[2022-04-03T07:36:43.397Z] > git config --get commit.template [16ms]
[2022-04-03T07:36:43.405Z] > git for-each-ref --format=%(refname)%00%(upstream:short)%00%(objectname)%00%(upstream:track) refs/heads/master refs/remotes/master [8ms]
[2022-04-03T07:36:43.412Z] > git config --get commit.template [18ms]
[2022-04-03T07:36:43.414Z] > git remote --verbose [3ms]
[2022-04-03T07:36:43.414Z] > git for-each-ref --sort -committerdate --format %(refname) %(objectname) %(*objectname) [5ms]
[2022-04-03T07:36:43.415Z] > git rev-parse --git-dir [13ms]
[2022-04-03T07:36:43.417Z] Open repository: /home/mxviii/github/arcolinux-nemesis
[2022-04-03T07:36:43.434Z] > git config --get commit.template [6ms]
[2022-04-03T07:36:43.448Z] > git symbolic-ref --short HEAD [1ms]
[2022-04-03T07:36:43.453Z] > git for-each-ref --format=%(refname)%00%(upstream:short)%00%(objectname)%00%(upstream:track) refs/heads/master refs/remotes/master [1ms]
[2022-04-03T07:36:43.461Z] > git for-each-ref --sort -committerdate --format %(refname) %(objectname) %(*objectname) [4ms]
[2022-04-03T07:36:43.461Z] > git remote --verbose [1ms]
[2022-04-03T07:36:43.466Z] > git config --get commit.template [1ms]
