[2022-04-10T04:15:55.255Z] Validating found git in: git
[2022-04-10T04:15:55.277Z] Using git 2.35.1 from git
[2022-04-10T04:15:55.308Z] > git rev-parse --git-dir [1ms]
[2022-04-10T04:15:55.310Z] Open repository: /home/mxviii/github/1password
[2022-04-10T04:15:55.325Z] > git symbolic-ref --short HEAD [1ms]
[2022-04-10T04:15:55.336Z] > git for-each-ref --format=%(refname)%00%(upstream:short)%00%(objectname)%00%(upstream:track) refs/heads/master refs/remotes/master [7ms]
[2022-04-10T04:15:55.345Z] > git remote --verbose [2ms]
[2022-04-10T04:15:55.345Z] > git for-each-ref --sort -committerdate --format %(refname) %(objectname) %(*objectname) [6ms]
[2022-04-10T04:15:55.348Z] > git rev-parse --git-dir [13ms]
[2022-04-10T04:15:55.351Z] Open repository: /home/mxviii/github/ArchI0
[2022-04-10T04:15:55.402Z] > git config --get commit.template [37ms]
[2022-04-10T04:15:55.412Z] > git symbolic-ref --short HEAD [18ms]
[2022-04-10T04:15:55.419Z] > git rev-parse --git-dir [13ms]
[2022-04-10T04:15:55.421Z] Open repository: /home/mxviii/github/ArchMatic-improved
[2022-04-10T04:15:55.437Z] > git for-each-ref --format=%(refname)%00%(upstream:short)%00%(objectname)%00%(upstream:track) refs/heads/master refs/remotes/master [20ms]
[2022-04-10T04:15:55.446Z] > git for-each-ref --sort -committerdate --format %(refname) %(objectname) %(*objectname) [5ms]
[2022-04-10T04:15:55.447Z] > git symbolic-ref --short HEAD [11ms]
[2022-04-10T04:15:55.456Z] > git for-each-ref --format=%(refname)%00%(upstream:short)%00%(objectname)%00%(upstream:track) refs/heads/master refs/remotes/master [5ms]
[2022-04-10T04:15:55.464Z] > git remote --verbose [20ms]
[2022-04-10T04:15:55.471Z] > git remote --verbose [8ms]
[2022-04-10T04:15:55.472Z] > git for-each-ref --sort -committerdate --format %(refname) %(objectname) %(*objectname) [13ms]
[2022-04-10T04:15:55.474Z] > git rev-parse --git-dir [19ms]
[2022-04-10T04:15:55.475Z] Open repository: /home/mxviii/github/ArchTitus
[2022-04-10T04:15:55.489Z] > git config --get commit.template [18ms]
[2022-04-10T04:15:55.490Z] > git config --get commit.template [2ms]
[2022-04-10T04:15:55.496Z] > git rev-parse --git-dir [1ms]
[2022-04-10T04:15:55.498Z] Open repository: /home/mxviii/github/LARBS
[2022-04-10T04:15:55.525Z] > git symbolic-ref --short HEAD [6ms]
[2022-04-10T04:15:55.529Z] > git symbolic-ref --short HEAD [14ms]
[2022-04-10T04:15:55.540Z] > git for-each-ref --format=%(refname)%00%(upstream:short)%00%(objectname)%00%(upstream:track) refs/heads/main refs/remotes/main [7ms]
[2022-04-10T04:15:55.547Z] > git for-each-ref --format=%(refname)%00%(upstream:short)%00%(objectname)%00%(upstream:track) refs/heads/master refs/remotes/master [18ms]
[2022-04-10T04:15:55.555Z] > git for-each-ref --sort -committerdate --format %(refname) %(objectname) %(*objectname) [4ms]
[2022-04-10T04:15:55.556Z] > git remote --verbose [10ms]
[2022-04-10T04:15:55.556Z] > git for-each-ref --sort -committerdate --format %(refname) %(objectname) %(*objectname) [13ms]
[2022-04-10T04:15:55.559Z] > git rev-parse --git-dir [21ms]
[2022-04-10T04:15:55.560Z] Open repository: /home/mxviii/github/aa-builder
[2022-04-10T04:15:55.585Z] > git remote --verbose [31ms]
[2022-04-10T04:15:55.626Z] > git rev-parse --git-dir [41ms]
[2022-04-10T04:15:55.627Z] Open repository: /home/mxviii/github/alis
[2022-04-10T04:15:55.634Z] > git symbolic-ref --short HEAD [54ms]
[2022-04-10T04:15:55.637Z] > git config --get commit.template [62ms]
[2022-04-10T04:15:55.644Z] > git for-each-ref --format=%(refname)%00%(upstream:short)%00%(objectname)%00%(upstream:track) refs/heads/main refs/remotes/main [7ms]
[2022-04-10T04:15:55.655Z] > git config --get commit.template [34ms]
[2022-04-10T04:15:55.659Z] > git rev-parse --git-dir [4ms]
[2022-04-10T04:15:55.660Z] Open repository: /home/mxviii/github/alis-arco
[2022-04-10T04:15:55.668Z] > git remote --verbose [17ms]
[2022-04-10T04:15:55.669Z] > git for-each-ref --sort -committerdate --format %(refname) %(objectname) %(*objectname) [21ms]
[2022-04-10T04:15:55.671Z] > git symbolic-ref --short HEAD [27ms]
[2022-04-10T04:15:55.686Z] > git for-each-ref --format=%(refname)%00%(upstream:short)%00%(objectname)%00%(upstream:track) refs/heads/master refs/remotes/master [11ms]
[2022-04-10T04:15:55.700Z] > git remote --verbose [7ms]
[2022-04-10T04:15:55.701Z] > git for-each-ref --sort -committerdate --format %(refname) %(objectname) %(*objectname) [12ms]
[2022-04-10T04:15:55.702Z] > git symbolic-ref --short HEAD [16ms]
[2022-04-10T04:15:55.706Z] > git config --get commit.template [25ms]
[2022-04-10T04:15:55.713Z] > git rev-parse --git-dir [15ms]
[2022-04-10T04:15:55.716Z] Open repository: /home/mxviii/github/archer
[2022-04-10T04:15:55.730Z] > git config --get commit.template [18ms]
[2022-04-10T04:15:55.731Z] > git for-each-ref --format=%(refname)%00%(upstream:short)%00%(objectname)%00%(upstream:track) refs/heads/main refs/remotes/main [25ms]
[2022-04-10T04:15:55.743Z] > git remote --verbose [4ms]
[2022-04-10T04:15:55.743Z] > git for-each-ref --sort -committerdate --format %(refname) %(objectname) %(*objectname) [8ms]
[2022-04-10T04:15:55.745Z] > git symbolic-ref --short HEAD [15ms]
[2022-04-10T04:15:55.758Z] > git for-each-ref --format=%(refname)%00%(upstream:short)%00%(objectname)%00%(upstream:track) refs/heads/master refs/remotes/master [9ms]
[2022-04-10T04:15:55.767Z] > git remote --verbose [2ms]
[2022-04-10T04:15:55.767Z] > git for-each-ref --sort -committerdate --format %(refname) %(objectname) %(*objectname) [6ms]
[2022-04-10T04:15:55.769Z] > git config --get commit.template [12ms]
[2022-04-10T04:15:55.776Z] > git rev-parse --git-dir [3ms]
[2022-04-10T04:15:55.778Z] Open repository: /home/mxviii/github/arco-plasma
[2022-04-10T04:15:55.791Z] > git config --get commit.template [15ms]
[2022-04-10T04:15:55.792Z] > git symbolic-ref --short HEAD [1ms]
[2022-04-10T04:15:55.801Z] > git for-each-ref --format=%(refname)%00%(upstream:short)%00%(objectname)%00%(upstream:track) refs/heads/master refs/remotes/master [5ms]
[2022-04-10T04:15:55.811Z] > git for-each-ref --sort -committerdate --format %(refname) %(objectname) %(*objectname) [6ms]
[2022-04-10T04:15:55.812Z] > git rev-parse --git-dir [12ms]
[2022-04-10T04:15:55.813Z] Open repository: /home/mxviii/github/arcolinux-nemesis
[2022-04-10T04:15:55.829Z] > git remote --verbose [21ms]
[2022-04-10T04:15:55.841Z] > git config --get commit.template [5ms]
[2022-04-10T04:15:55.887Z] > git symbolic-ref --short HEAD [1ms]
[2022-04-10T04:15:55.892Z] > git for-each-ref --format=%(refname)%00%(upstream:short)%00%(objectname)%00%(upstream:track) refs/heads/master refs/remotes/master [2ms]
[2022-04-10T04:15:55.899Z] > git for-each-ref --sort -committerdate --format %(refname) %(objectname) %(*objectname) [4ms]
[2022-04-10T04:15:55.900Z] > git remote --verbose [2ms]
[2022-04-10T04:15:55.905Z] > git config --get commit.template [0ms]
[2022-04-10T04:15:56.986Z] > git ls-files --stage -- /home/mxviii/github/alis/alis-packages.conf [1ms]
[2022-04-10T04:15:56.991Z] > git cat-file -s edb668e8162cc175a3a03b09d717478cf4d7f24f [1ms]
[2022-04-10T04:16:23.368Z] > git ls-files --stage -- /home/mxviii/github/alis/alis.conf [1ms]
[2022-04-10T04:16:23.372Z] > git cat-file -s ec58f96e1af67335bf07f9d02fc6ef2acfd2cf1c [1ms]
[2022-04-10T04:21:17.307Z] > git ls-files --stage -- /home/mxviii/github/alis/alis.sh [2ms]
[2022-04-10T04:21:17.312Z] > git cat-file -s 3a95bf29b15125978b97eb11802f1ed000a76419 [1ms]
[2022-04-10T04:23:18.717Z] > git ls-files --stage -- /home/mxviii/github/alis/alis.conf [1ms]
[2022-04-10T04:23:18.723Z] > git cat-file -s ec58f96e1af67335bf07f9d02fc6ef2acfd2cf1c [1ms]
[2022-04-10T04:23:53.630Z] > git symbolic-ref --short HEAD [1ms]
[2022-04-10T04:23:53.634Z] > git for-each-ref --format=%(refname)%00%(upstream:short)%00%(objectname)%00%(upstream:track) refs/heads/master refs/remotes/master [1ms]
[2022-04-10T04:23:53.642Z] > git for-each-ref --sort -committerdate --format %(refname) %(objectname) %(*objectname) [4ms]
[2022-04-10T04:23:53.642Z] > git remote --verbose [1ms]
[2022-04-10T04:23:53.649Z] > git config --get commit.template [1ms]
[2022-04-10T04:24:41.121Z] > git symbolic-ref --short HEAD [3ms]
[2022-04-10T04:24:41.132Z] > git for-each-ref --format=%(refname)%00%(upstream:short)%00%(objectname)%00%(upstream:track) refs/heads/master refs/remotes/master [3ms]
[2022-04-10T04:24:41.149Z] > git for-each-ref --sort -committerdate --format %(refname) %(objectname) %(*objectname) [9ms]
[2022-04-10T04:24:41.149Z] > git remote --verbose [2ms]
[2022-04-10T04:24:41.162Z] > git config --get commit.template [2ms]
[2022-04-10T05:16:03.299Z] git.stage 1
[2022-04-10T05:16:03.299Z] git.stage.scmResources 1
[2022-04-10T05:16:03.307Z] > git add -A -- /home/mxviii/github/alis/alis.conf [3ms]
[2022-04-10T05:16:03.318Z] > git symbolic-ref --short HEAD [1ms]
[2022-04-10T05:16:03.324Z] > git for-each-ref --format=%(refname)%00%(upstream:short)%00%(objectname)%00%(upstream:track) refs/heads/master refs/remotes/master [2ms]
[2022-04-10T05:16:03.331Z] > git for-each-ref --sort -committerdate --format %(refname) %(objectname) %(*objectname) [4ms]
[2022-04-10T05:16:03.332Z] > git remote --verbose [1ms]
[2022-04-10T05:16:03.339Z] > git config --get commit.template [1ms]
[2022-04-10T05:16:04.402Z] > git symbolic-ref --short HEAD [1ms]
[2022-04-10T05:16:04.407Z] > git for-each-ref --format=%(refname)%00%(upstream:short)%00%(objectname)%00%(upstream:track) refs/heads/master refs/remotes/master [1ms]
[2022-04-10T05:16:04.415Z] > git for-each-ref --sort -committerdate --format %(refname) %(objectname) %(*objectname) [4ms]
[2022-04-10T05:16:04.416Z] > git remote --verbose [1ms]
[2022-04-10T05:16:04.423Z] > git config --get commit.template [1ms]
[2022-04-10T05:16:04.509Z] > git ls-files --stage -- /home/mxviii/github/alis/alis.conf [4ms]
[2022-04-10T05:16:04.524Z] > git cat-file -s c10e2e50d2d2d04937014ef2b29677169a77ffe8 [6ms]
[2022-04-10T05:16:21.945Z] > git branch [1ms]
[2022-04-10T05:16:21.952Z] > git reset -q HEAD -- /home/mxviii/github/alis/alis.conf [2ms]
[2022-04-10T05:16:21.964Z] > git symbolic-ref --short HEAD [1ms]
[2022-04-10T05:16:21.970Z] > git for-each-ref --format=%(refname)%00%(upstream:short)%00%(objectname)%00%(upstream:track) refs/heads/master refs/remotes/master [1ms]
[2022-04-10T05:16:21.980Z] > git for-each-ref --sort -committerdate --format %(refname) %(objectname) %(*objectname) [6ms]
[2022-04-10T05:16:21.980Z] > git remote --verbose [1ms]
[2022-04-10T05:16:21.989Z] > git config --get commit.template [2ms]
[2022-04-10T05:16:23.207Z] > git symbolic-ref --short HEAD [3ms]
[2022-04-10T05:16:23.220Z] > git for-each-ref --format=%(refname)%00%(upstream:short)%00%(objectname)%00%(upstream:track) refs/heads/master refs/remotes/master [3ms]
[2022-04-10T05:16:23.238Z] > git for-each-ref --sort -committerdate --format %(refname) %(objectname) %(*objectname) [9ms]
[2022-04-10T05:16:23.238Z] > git remote --verbose [2ms]
[2022-04-10T05:16:23.246Z] > git config --get commit.template [1ms]
[2022-04-10T05:16:23.289Z] > git ls-files --stage -- /home/mxviii/github/alis/alis.conf [1ms]
[2022-04-10T05:16:23.294Z] > git cat-file -s ec58f96e1af67335bf07f9d02fc6ef2acfd2cf1c [2ms]
[2022-04-10T05:17:38.867Z] git.stage 1
[2022-04-10T05:17:38.867Z] git.stage.scmResources 1
[2022-04-10T05:17:38.873Z] > git add -A -- /home/mxviii/github/alis/alis.conf [2ms]
[2022-04-10T05:17:38.884Z] > git symbolic-ref --short HEAD [1ms]
[2022-04-10T05:17:38.891Z] > git for-each-ref --format=%(refname)%00%(upstream:short)%00%(objectname)%00%(upstream:track) refs/heads/master refs/remotes/master [2ms]
[2022-04-10T05:17:38.899Z] > git for-each-ref --sort -committerdate --format %(refname) %(objectname) %(*objectname) [4ms]
[2022-04-10T05:17:38.900Z] > git remote --verbose [2ms]
[2022-04-10T05:17:38.907Z] > git config --get commit.template [1ms]
[2022-04-10T05:17:40.014Z] > git symbolic-ref --short HEAD [2ms]
[2022-04-10T05:17:40.025Z] > git for-each-ref --format=%(refname)%00%(upstream:short)%00%(objectname)%00%(upstream:track) refs/heads/master refs/remotes/master [3ms]
[2022-04-10T05:17:40.037Z] > git for-each-ref --sort -committerdate --format %(refname) %(objectname) %(*objectname) [5ms]
[2022-04-10T05:17:40.038Z] > git remote --verbose [2ms]
[2022-04-10T05:17:40.047Z] > git config --get commit.template [1ms]
[2022-04-10T05:17:40.100Z] > git ls-files --stage -- /home/mxviii/github/alis/alis.conf [2ms]
[2022-04-10T05:17:40.105Z] > git cat-file -s c10e2e50d2d2d04937014ef2b29677169a77ffe8 [2ms]
[2022-04-10T05:18:16.219Z] > git push origin master:master [29347ms]
[2022-04-10T05:18:16.219Z] Everything up-to-date
[2022-04-10T05:18:16.245Z] > git symbolic-ref --short HEAD [2ms]
[2022-04-10T05:18:16.252Z] > git for-each-ref --format=%(refname)%00%(upstream:short)%00%(objectname)%00%(upstream:track) refs/heads/master refs/remotes/master [1ms]
[2022-04-10T05:18:16.264Z] > git for-each-ref --sort -committerdate --format %(refname) %(objectname) %(*objectname) [6ms]
[2022-04-10T05:18:16.264Z] > git remote --verbose [1ms]
[2022-04-10T05:18:16.273Z] > git config --get commit.template [2ms]
[2022-04-10T05:19:36.019Z] > git -c user.useConfigOnly=true commit --quiet --allow-empty-message --file - [15ms]
[2022-04-10T05:19:36.038Z] > git symbolic-ref --short HEAD [1ms]
[2022-04-10T05:19:36.047Z] > git for-each-ref --format=%(refname)%00%(upstream:short)%00%(objectname)%00%(upstream:track) refs/heads/master refs/remotes/master [2ms]
[2022-04-10T05:19:36.062Z] > git for-each-ref --sort -committerdate --format %(refname) %(objectname) %(*objectname) [9ms]
[2022-04-10T05:19:36.063Z] > git remote --verbose [2ms]
[2022-04-10T05:19:36.073Z] > git config --get commit.template [1ms]
[2022-04-10T05:19:36.081Z] > git config --get commit.template [2ms]
[2022-04-10T05:19:37.422Z] > git symbolic-ref --short HEAD [3ms]
[2022-04-10T05:19:37.437Z] > git for-each-ref --format=%(refname)%00%(upstream:short)%00%(objectname)%00%(upstream:track) refs/heads/master refs/remotes/master [5ms]
[2022-04-10T05:19:37.452Z] > git for-each-ref --sort -committerdate --format %(refname) %(objectname) %(*objectname) [6ms]
[2022-04-10T05:19:37.453Z] > git remote --verbose [2ms]
[2022-04-10T05:19:37.463Z] > git config --get commit.template [2ms]
[2022-04-10T05:19:37.504Z] > git ls-files --stage -- /home/mxviii/github/alis/alis.conf [2ms]
[2022-04-10T05:19:37.512Z] > git cat-file -s c10e2e50d2d2d04937014ef2b29677169a77ffe8 [2ms]
[2022-04-10T05:20:00.256Z] > git push origin master:master [17688ms]
[2022-04-10T05:20:00.256Z] To https://github.com/SudoSwole/alis
   965f8be..a07e9a7  master -> master
[2022-04-10T05:20:00.283Z] > git symbolic-ref --short HEAD [2ms]
[2022-04-10T05:20:00.291Z] > git for-each-ref --format=%(refname)%00%(upstream:short)%00%(objectname)%00%(upstream:track) refs/heads/master refs/remotes/master [2ms]
[2022-04-10T05:20:00.300Z] > git for-each-ref --sort -committerdate --format %(refname) %(objectname) %(*objectname) [5ms]
[2022-04-10T05:20:00.300Z] > git remote --verbose [1ms]
[2022-04-10T05:20:00.308Z] > git config --get commit.template [1ms]
[2022-04-10T05:20:01.491Z] > git symbolic-ref --short HEAD [1ms]
[2022-04-10T05:20:01.496Z] > git for-each-ref --format=%(refname)%00%(upstream:short)%00%(objectname)%00%(upstream:track) refs/heads/master refs/remotes/master [1ms]
[2022-04-10T05:20:01.506Z] > git for-each-ref --sort -committerdate --format %(refname) %(objectname) %(*objectname) [5ms]
[2022-04-10T05:20:01.506Z] > git remote --verbose [1ms]
[2022-04-10T05:20:01.512Z] > git config --get commit.template [1ms]
[2022-04-10T05:20:01.598Z] > git ls-files --stage -- /home/mxviii/github/alis/alis.conf [3ms]
[2022-04-10T05:20:01.612Z] > git cat-file -s c10e2e50d2d2d04937014ef2b29677169a77ffe8 [2ms]
