[2022-04-07T02:22:48.242Z] Validating found git in: git
[2022-04-07T02:22:48.259Z] Using git 2.35.1 from git
[2022-04-07T02:22:48.299Z] > git rev-parse --git-dir [1ms]
[2022-04-07T02:22:48.303Z] Open repository: /home/mxviii/github/1password
[2022-04-07T02:22:48.326Z] > git symbolic-ref --short HEAD [6ms]
[2022-04-07T02:22:48.332Z] > git rev-parse --git-dir [7ms]
[2022-04-07T02:22:48.335Z] Open repository: /home/mxviii/github/ArchI0
[2022-04-07T02:22:48.351Z] > git for-each-ref --format=%(refname)%00%(upstream:short)%00%(objectname)%00%(upstream:track) refs/heads/master refs/remotes/master [20ms]
[2022-04-07T02:22:48.382Z] > git remote --verbose [19ms]
[2022-04-07T02:22:48.383Z] > git for-each-ref --sort -committerdate --format %(refname) %(objectname) %(*objectname) [28ms]
[2022-04-07T02:22:48.384Z] > git symbolic-ref --short HEAD [33ms]
[2022-04-07T02:22:48.399Z] > git for-each-ref --format=%(refname)%00%(upstream:short)%00%(objectname)%00%(upstream:track) refs/heads/master refs/remotes/master [11ms]
[2022-04-07T02:22:48.409Z] > git for-each-ref --sort -committerdate --format %(refname) %(objectname) %(*objectname) [7ms]
[2022-04-07T02:22:48.409Z] > git config --get commit.template [11ms]
[2022-04-07T02:22:48.410Z] > git rev-parse --git-dir [17ms]
[2022-04-07T02:22:48.412Z] Open repository: /home/mxviii/github/ArchMatic-improved
[2022-04-07T02:22:48.431Z] > git remote --verbose [24ms]
[2022-04-07T02:22:48.447Z] > git symbolic-ref --short HEAD [16ms]
[2022-04-07T02:22:48.459Z] > git for-each-ref --format=%(refname)%00%(upstream:short)%00%(objectname)%00%(upstream:track) refs/heads/master refs/remotes/master [7ms]
[2022-04-07T02:22:48.472Z] > git config --get commit.template [25ms]
[2022-04-07T02:22:48.474Z] > git remote --verbose [2ms]
[2022-04-07T02:22:48.475Z] > git for-each-ref --sort -committerdate --format %(refname) %(objectname) %(*objectname) [9ms]
[2022-04-07T02:22:48.477Z] > git rev-parse --git-dir [19ms]
[2022-04-07T02:22:48.480Z] Open repository: /home/mxviii/github/ArchTitus
[2022-04-07T02:22:48.507Z] > git config --get commit.template [6ms]
[2022-04-07T02:22:48.517Z] > git rev-parse --git-dir [4ms]
[2022-04-07T02:22:48.518Z] Open repository: /home/mxviii/github/LARBS
[2022-04-07T02:22:48.529Z] > git symbolic-ref --short HEAD [21ms]
[2022-04-07T02:22:48.545Z] > git symbolic-ref --short HEAD [6ms]
[2022-04-07T02:22:48.551Z] > git for-each-ref --format=%(refname)%00%(upstream:short)%00%(objectname)%00%(upstream:track) refs/heads/main refs/remotes/main [17ms]
[2022-04-07T02:22:48.561Z] > git for-each-ref --sort -committerdate --format %(refname) %(objectname) %(*objectname) [6ms]
[2022-04-07T02:22:48.562Z] > git for-each-ref --format=%(refname)%00%(upstream:short)%00%(objectname)%00%(upstream:track) refs/heads/master refs/remotes/master [11ms]
[2022-04-07T02:22:48.572Z] > git rev-parse --git-dir [28ms]
[2022-04-07T02:22:48.575Z] Open repository: /home/mxviii/github/aa-builder
[2022-04-07T02:22:48.599Z] > git remote --verbose [27ms]
[2022-04-07T02:22:48.599Z] > git for-each-ref --sort -committerdate --format %(refname) %(objectname) %(*objectname) [31ms]
[2022-04-07T02:22:48.602Z] > git remote --verbose [42ms]
[2022-04-07T02:22:48.617Z] > git rev-parse --git-dir [18ms]
[2022-04-07T02:22:48.618Z] Open repository: /home/mxviii/github/alis
[2022-04-07T02:22:48.628Z] > git symbolic-ref --short HEAD [34ms]
[2022-04-07T02:22:48.645Z] > git for-each-ref --format=%(refname)%00%(upstream:short)%00%(objectname)%00%(upstream:track) refs/heads/main refs/remotes/main [11ms]
[2022-04-07T02:22:48.662Z] > git config --get commit.template [46ms]
[2022-04-07T02:22:48.662Z] > git config --get commit.template [51ms]
[2022-04-07T02:22:48.676Z] > git rev-parse --git-dir [15ms]
[2022-04-07T02:22:48.678Z] Open repository: /home/mxviii/github/alis-arco
[2022-04-07T02:22:48.690Z] > git remote --verbose [34ms]
[2022-04-07T02:22:48.690Z] > git for-each-ref --sort -committerdate --format %(refname) %(objectname) %(*objectname) [39ms]
[2022-04-07T02:22:48.693Z] > git symbolic-ref --short HEAD [48ms]
[2022-04-07T02:22:48.716Z] > git for-each-ref --format=%(refname)%00%(upstream:short)%00%(objectname)%00%(upstream:track) refs/heads/master refs/remotes/master [16ms]
[2022-04-07T02:22:48.763Z] > git rev-parse --git-dir [35ms]
[2022-04-07T02:22:48.766Z] Open repository: /home/mxviii/github/archer
[2022-04-07T02:22:48.775Z] > git remote --verbose [52ms]
[2022-04-07T02:22:48.775Z] > git for-each-ref --sort -committerdate --format %(refname) %(objectname) %(*objectname) [55ms]
[2022-04-07T02:22:48.778Z] > git symbolic-ref --short HEAD [62ms]
[2022-04-07T02:22:48.783Z] > git config --get commit.template [74ms]
[2022-04-07T02:22:48.799Z] > git for-each-ref --format=%(refname)%00%(upstream:short)%00%(objectname)%00%(upstream:track) refs/heads/main refs/remotes/main [15ms]
[2022-04-07T02:22:48.835Z] > git remote --verbose [28ms]
[2022-04-07T02:22:48.835Z] > git for-each-ref --sort -committerdate --format %(refname) %(objectname) %(*objectname) [32ms]
[2022-04-07T02:22:48.837Z] > git symbolic-ref --short HEAD [39ms]
[2022-04-07T02:22:48.841Z] > git config --get commit.template [52ms]
[2022-04-07T02:22:48.849Z] > git for-each-ref --format=%(refname)%00%(upstream:short)%00%(objectname)%00%(upstream:track) refs/heads/master refs/remotes/master [8ms]
[2022-04-07T02:22:48.866Z] > git remote --verbose [9ms]
[2022-04-07T02:22:48.866Z] > git for-each-ref --sort -committerdate --format %(refname) %(objectname) %(*objectname) [13ms]
[2022-04-07T02:22:48.868Z] > git config --get commit.template [20ms]
[2022-04-07T02:22:48.874Z] > git rev-parse --git-dir [12ms]
[2022-04-07T02:22:48.876Z] Open repository: /home/mxviii/github/arco-plasma
[2022-04-07T02:22:48.897Z] > git config --get commit.template [24ms]
[2022-04-07T02:22:48.899Z] > git rev-parse --git-dir [2ms]
[2022-04-07T02:22:48.900Z] Open repository: /home/mxviii/github/arcolinux-nemesis
[2022-04-07T02:22:48.909Z] > git symbolic-ref --short HEAD [16ms]
[2022-04-07T02:22:48.920Z] > git for-each-ref --format=%(refname)%00%(upstream:short)%00%(objectname)%00%(upstream:track) refs/heads/master refs/remotes/master [6ms]
[2022-04-07T02:22:48.938Z] > git for-each-ref --sort -committerdate --format %(refname) %(objectname) %(*objectname) [13ms]
[2022-04-07T02:22:48.949Z] > git symbolic-ref --short HEAD [11ms]
[2022-04-07T02:22:48.953Z] > git remote --verbose [22ms]
[2022-04-07T02:22:48.960Z] > git for-each-ref --format=%(refname)%00%(upstream:short)%00%(objectname)%00%(upstream:track) refs/heads/master refs/remotes/master [7ms]
[2022-04-07T02:22:48.970Z] > git for-each-ref --sort -committerdate --format %(refname) %(objectname) %(*objectname) [6ms]
[2022-04-07T02:22:48.970Z] > git config --get commit.template [11ms]
[2022-04-07T02:22:48.971Z] > git remote --verbose [2ms]
[2022-04-07T02:22:48.980Z] > git config --get commit.template [4ms]
